This file contains any messages produced by compilers while
running configure, to aid debugging if configure makes a mistake.

It was created by liquid-dsp configure 1.3.1, which was
generated by GNU Autoconf 2.69.  Invocation command line was

  $ ./configure 

## --------- ##
## Platform. ##
## --------- ##

hostname = localhost
uname -m = x86_64
uname -r = 4.4.164-15539-g0610c57b0fb3
uname -s = Linux
uname -v = #1 SMP PREEMPT Wed Jan 16 00:23:06 PST 2019

/usr/bin/uname -p = unknown
/bin/uname -X     = unknown

/bin/arch              = unknown
/usr/bin/arch -k       = unknown
/usr/convex/getsysinfo = unknown
/usr/bin/hostinfo      = unknown
/bin/machine           = unknown
/usr/bin/oslevel       = unknown
/bin/universe          = unknown

PATH: /home/bloom510/Desktop/emsdk/emscripten/1.38.25/system/bin
PATH: /home/bloom510/Desktop/emsdk
PATH: /home/bloom510/Desktop/emsdk/clang/e1.38.25_64bit
PATH: /home/bloom510/Desktop/emsdk/node/8.9.1_64bit/bin
PATH: /home/bloom510/Desktop/emsdk/emscripten/1.38.25
PATH: /home/bloom510/.nvm/versions/node/v10.14.2/bin
PATH: /home/bloom510/.cargo/bin
PATH: /home/bloom510/bin
PATH: /home/bloom510/.local/bin
PATH: /usr/local/bin
PATH: /usr/bin
PATH: /bin
PATH: /usr/local/games
PATH: /usr/games


## ----------- ##
## Core tests. ##
## ----------- ##

configure:2562: checking for gcc
configure:2589: result: /home/bloom510/Desktop/emsdk/emscripten/1.38.25/emcc
configure:2818: checking for C compiler version
configure:2827: /home/bloom510/Desktop/emsdk/emscripten/1.38.25/emcc --version >&5
emcc (Emscripten gcc/clang-like replacement) 1.38.25 (commit ea5d631a5446632e195765d89a53ead71cd6de45)
Copyright (C) 2014 the Emscripten authors (see AUTHORS.txt)
This is free and open source software under the MIT license.
There is NO warranty; not even for MERCHANTABILITY or FITNESS FOR A PARTICULAR PURPOSE.
  
configure:2838: $? = 0
configure:2827: /home/bloom510/Desktop/emsdk/emscripten/1.38.25/emcc -v >&5
emcc (Emscripten gcc/clang-like replacement + linker emulating GNU ld) 1.38.25
clang version 6.0.1  (emscripten 1.38.25 : 1.38.25)
Target: x86_64-unknown-linux-gnu
Thread model: posix
InstalledDir: /home/bloom510/Desktop/emsdk/clang/e1.38.25_64bit
Found candidate GCC installation: /usr/lib/gcc/i686-linux-gnu/6
Found candidate GCC installation: /usr/lib/gcc/i686-linux-gnu/6.0.0
Found candidate GCC installation: /usr/lib/gcc/x86_64-linux-gnu/5
Found candidate GCC installation: /usr/lib/gcc/x86_64-linux-gnu/5.4.0
Found candidate GCC installation: /usr/lib/gcc/x86_64-linux-gnu/6
... rest of stderr output deleted ...
configure:2838: $? = 0
configure:2827: /home/bloom510/Desktop/emsdk/emscripten/1.38.25/emcc -V >&5
shared:ERROR: no input files
note that input files without a known suffix are ignored, make sure your input files end with one of: ('.c', '.C', '.i', '.cpp', '.cxx', '.cc', '.c++', '.CPP', '.CXX', '.CC', '.C++', '.ii', '.m', '.mi', '.mm', '.mii', '/dev/null', '.bc', '.o', '.obj', '.lo', '.dylib', '.so', '.a', '.ll', '.h', '.hxx', '.hpp', '.hh', '.H', '.HXX', '.HPP', '.HH')
configure:2838: $? = 1
configure:2827: /home/bloom510/Desktop/emsdk/emscripten/1.38.25/emcc -qversion >&5
shared:ERROR: no input files
note that input files without a known suffix are ignored, make sure your input files end with one of: ('.c', '.C', '.i', '.cpp', '.cxx', '.cc', '.c++', '.CPP', '.CXX', '.CC', '.C++', '.ii', '.m', '.mi', '.mm', '.mii', '/dev/null', '.bc', '.o', '.obj', '.lo', '.dylib', '.so', '.a', '.ll', '.h', '.hxx', '.hpp', '.hh', '.H', '.HXX', '.HPP', '.HH')
configure:2838: $? = 1
configure:2858: checking whether the C compiler works
configure:2880: /home/bloom510/Desktop/emsdk/emscripten/1.38.25/emcc    conftest.c  >&5
configure:2884: $? = 0
configure:2932: result: yes
configure:2935: checking for C compiler default output file name
configure:2937: result: a.out
configure:2943: checking for suffix of executables
configure:2950: /home/bloom510/Desktop/emsdk/emscripten/1.38.25/emcc -o conftest    conftest.c  >&5
configure:2954: $? = 0
configure:2976: result: 
configure:2998: checking whether we are cross compiling
configure:3006: /home/bloom510/Desktop/emsdk/emscripten/1.38.25/emcc -o conftest    conftest.c  >&5
configure:3010: $? = 0
configure:3017: ./conftest
configure:3021: $? = 0
configure:3036: result: no
configure:3041: checking for suffix of object files
configure:3063: /home/bloom510/Desktop/emsdk/emscripten/1.38.25/emcc -c   conftest.c >&5
configure:3067: $? = 0
configure:3088: result: o
configure:3092: checking whether we are using the GNU C compiler
configure:3111: /home/bloom510/Desktop/emsdk/emscripten/1.38.25/emcc -c   conftest.c >&5
configure:3111: $? = 0
configure:3120: result: yes
configure:3129: checking whether /home/bloom510/Desktop/emsdk/emscripten/1.38.25/emcc accepts -g
configure:3149: /home/bloom510/Desktop/emsdk/emscripten/1.38.25/emcc -c -g  conftest.c >&5
configure:3149: $? = 0
configure:3190: result: yes
configure:3207: checking for /home/bloom510/Desktop/emsdk/emscripten/1.38.25/emcc option to accept ISO C89
configure:3270: /home/bloom510/Desktop/emsdk/emscripten/1.38.25/emcc  -c   conftest.c >&5
configure:3270: $? = 0
configure:3283: result: none needed
configure:3303: checking for a sed that does not truncate output
configure:3367: result: /bin/sed
configure:3372: checking for grep that handles long lines and -e
configure:3430: result: /bin/grep
configure:3449: checking for a BSD-compatible install
configure:3517: result: /usr/bin/install -c
configure:3571: checking for ranlib
configure:3598: result: /home/bloom510/Desktop/emsdk/emscripten/1.38.25/emranlib
configure:3623: checking for error_at_line
configure:3639: /home/bloom510/Desktop/emsdk/emscripten/1.38.25/emcc -o conftest    conftest.c  >&5
conftest.c:9:10: fatal error: 'error.h' file not found
#include <error.h>
         ^~~~~~~~~
1 error generated.
shared:ERROR: compiler frontend failed to generate LLVM bitcode, halting
configure:3639: $? = 1
configure: failed program was:
| /* confdefs.h */
| #define PACKAGE_NAME "liquid-dsp"
| #define PACKAGE_TARNAME "liquid-dsp"
| #define PACKAGE_VERSION "1.3.1"
| #define PACKAGE_STRING "liquid-dsp 1.3.1"
| #define PACKAGE_BUGREPORT "support@liquidsdr.org"
| #define PACKAGE_URL ""
| /* end confdefs.h.  */
| #include <error.h>
| int
| main ()
| {
| error_at_line (0, 0, "", 0, "an error occurred");
|   ;
|   return 0;
| }
configure:3647: result: no
configure:3663: checking how to run the C preprocessor
configure:3694: /home/bloom510/Desktop/emsdk/emscripten/1.38.25/emcc -E  conftest.c
configure:3694: $? = 0
configure:3708: /home/bloom510/Desktop/emsdk/emscripten/1.38.25/emcc -E  conftest.c
conftest.c:9:10: fatal error: 'ac_nonexistent.h' file not found
#include <ac_nonexistent.h>
         ^~~~~~~~~~~~~~~~~~
1 error generated.
configure:3708: $? = 1
configure: failed program was:
| /* confdefs.h */
| #define PACKAGE_NAME "liquid-dsp"
| #define PACKAGE_TARNAME "liquid-dsp"
| #define PACKAGE_VERSION "1.3.1"
| #define PACKAGE_STRING "liquid-dsp 1.3.1"
| #define PACKAGE_BUGREPORT "support@liquidsdr.org"
| #define PACKAGE_URL ""
| /* end confdefs.h.  */
| #include <ac_nonexistent.h>
configure:3733: result: /home/bloom510/Desktop/emsdk/emscripten/1.38.25/emcc -E
configure:3753: /home/bloom510/Desktop/emsdk/emscripten/1.38.25/emcc -E  conftest.c
configure:3753: $? = 0
configure:3767: /home/bloom510/Desktop/emsdk/emscripten/1.38.25/emcc -E  conftest.c
conftest.c:9:10: fatal error: 'ac_nonexistent.h' file not found
#include <ac_nonexistent.h>
         ^~~~~~~~~~~~~~~~~~
1 error generated.
configure:3767: $? = 1
configure: failed program was:
| /* confdefs.h */
| #define PACKAGE_NAME "liquid-dsp"
| #define PACKAGE_TARNAME "liquid-dsp"
| #define PACKAGE_VERSION "1.3.1"
| #define PACKAGE_STRING "liquid-dsp 1.3.1"
| #define PACKAGE_BUGREPORT "support@liquidsdr.org"
| #define PACKAGE_URL ""
| /* end confdefs.h.  */
| #include <ac_nonexistent.h>
configure:3796: checking for egrep
configure:3858: result: /bin/grep -E
configure:3863: checking for ANSI C header files
configure:3883: /home/bloom510/Desktop/emsdk/emscripten/1.38.25/emcc -c   conftest.c >&5
configure:3883: $? = 0
configure:3956: /home/bloom510/Desktop/emsdk/emscripten/1.38.25/emcc -o conftest    conftest.c  >&5
configure:3956: $? = 0
configure:3956: ./conftest
configure:3956: $? = 0
configure:3967: result: yes
configure:3980: checking for sys/types.h
configure:3980: /home/bloom510/Desktop/emsdk/emscripten/1.38.25/emcc -c   conftest.c >&5
configure:3980: $? = 0
configure:3980: result: yes
configure:3980: checking for sys/stat.h
configure:3980: /home/bloom510/Desktop/emsdk/emscripten/1.38.25/emcc -c   conftest.c >&5
configure:3980: $? = 0
configure:3980: result: yes
configure:3980: checking for stdlib.h
configure:3980: /home/bloom510/Desktop/emsdk/emscripten/1.38.25/emcc -c   conftest.c >&5
configure:3980: $? = 0
configure:3980: result: yes
configure:3980: checking for string.h
configure:3980: /home/bloom510/Desktop/emsdk/emscripten/1.38.25/emcc -c   conftest.c >&5
configure:3980: $? = 0
configure:3980: result: yes
configure:3980: checking for memory.h
configure:3980: /home/bloom510/Desktop/emsdk/emscripten/1.38.25/emcc -c   conftest.c >&5
configure:3980: $? = 0
configure:3980: result: yes
configure:3980: checking for strings.h
configure:3980: /home/bloom510/Desktop/emsdk/emscripten/1.38.25/emcc -c   conftest.c >&5
configure:3980: $? = 0
configure:3980: result: yes
configure:3980: checking for inttypes.h
configure:3980: /home/bloom510/Desktop/emsdk/emscripten/1.38.25/emcc -c   conftest.c >&5
configure:3980: $? = 0
configure:3980: result: yes
configure:3980: checking for stdint.h
configure:3980: /home/bloom510/Desktop/emsdk/emscripten/1.38.25/emcc -c   conftest.c >&5
configure:3980: $? = 0
configure:3980: result: yes
configure:3980: checking for unistd.h
configure:3980: /home/bloom510/Desktop/emsdk/emscripten/1.38.25/emcc -c   conftest.c >&5
configure:3980: $? = 0
configure:3980: result: yes
configure:3994: checking for stdlib.h
configure:3994: result: yes
configure:4004: checking for GNU libc compatible malloc
configure:4028: /home/bloom510/Desktop/emsdk/emscripten/1.38.25/emcc -o conftest    conftest.c  >&5
configure:4028: $? = 0
configure:4028: ./conftest
configure:4028: $? = 0
configure:4038: result: yes
configure:4061: checking for stdlib.h
configure:4061: result: yes
configure:4071: checking for GNU libc compatible realloc
configure:4095: /home/bloom510/Desktop/emsdk/emscripten/1.38.25/emcc -o conftest    conftest.c  >&5
configure:4095: $? = 0
configure:4095: ./conftest
configure:4095: $? = 0
configure:4105: result: yes
configure:4128: checking for main in -lc
configure:4147: /home/bloom510/Desktop/emsdk/emscripten/1.38.25/emcc -o conftest    conftest.c -lc   >&5
configure:4147: $? = 0
configure:4156: result: yes
configure:4169: checking for main in -lm
configure:4188: /home/bloom510/Desktop/emsdk/emscripten/1.38.25/emcc -o conftest    conftest.c -lm  -lc  >&5
configure:4188: $? = 0
configure:4197: result: yes
configure:4212: checking for malloc
configure:4212: /home/bloom510/Desktop/emsdk/emscripten/1.38.25/emcc -o conftest    conftest.c -lm -lc  >&5
conftest.c:48:6: warning: incompatible redeclaration of library function 'malloc' [-Wincompatible-library-redeclaration]
char malloc ();
     ^
conftest.c:48:6: note: 'malloc' is a builtin with type 'void *(unsigned long)'
1 warning generated.
[0;33mwarning:[0m unexpected number of arguments 0 in call to 'malloc', should be 1
configure:4212: $? = 0
configure:4212: result: yes
configure:4219: checking for realloc
configure:4219: /home/bloom510/Desktop/emsdk/emscripten/1.38.25/emcc -o conftest    conftest.c -lm -lc  >&5
conftest.c:48:6: warning: incompatible redeclaration of library function 'realloc' [-Wincompatible-library-redeclaration]
char realloc ();
     ^
conftest.c:48:6: note: 'realloc' is a builtin with type 'void *(void *, unsigned long)'
1 warning generated.
[0;33mwarning:[0m unexpected number of arguments 0 in call to 'realloc', should be 2
configure:4219: $? = 0
configure:4219: result: yes
configure:4226: checking for free
configure:4226: /home/bloom510/Desktop/emsdk/emscripten/1.38.25/emcc -o conftest    conftest.c -lm -lc  >&5
[0;33mwarning:[0m unexpected number of arguments 0 in call to 'free', should be 1
[0;33mwarning:[0m unexpected return type i8 in call to 'free', should be void
configure:4226: $? = 0
configure:4226: result: yes
configure:4233: checking for memset
configure:4233: /home/bloom510/Desktop/emsdk/emscripten/1.38.25/emcc -o conftest    conftest.c -lm -lc  >&5
conftest.c:48:6: warning: incompatible redeclaration of library function 'memset' [-Wincompatible-library-redeclaration]
char memset ();
     ^
conftest.c:48:6: note: 'memset' is a builtin with type 'void *(void *, int, unsigned long)'
1 warning generated.
[0;33mwarning:[0m unexpected number of arguments 0 in call to 'memset', should be 1
configure:4233: $? = 0
configure:4233: result: yes
configure:4240: checking for memmove
configure:4240: /home/bloom510/Desktop/emsdk/emscripten/1.38.25/emcc -o conftest    conftest.c -lm -lc  >&5
conftest.c:48:6: warning: incompatible redeclaration of library function 'memmove' [-Wincompatible-library-redeclaration]
char memmove ();
     ^
conftest.c:48:6: note: 'memmove' is a builtin with type 'void *(void *, const void *, unsigned long)'
1 warning generated.
[0;33mwarning:[0m unexpected number of arguments 0 in call to 'memmove', should be 1
configure:4240: $? = 0
configure:4240: result: yes
configure:4248: checking for sinf
configure:4248: /home/bloom510/Desktop/emsdk/emscripten/1.38.25/emcc -o conftest    conftest.c -lm -lc  >&5
conftest.c:48:6: warning: incompatible redeclaration of library function 'sinf' [-Wincompatible-library-redeclaration]
char sinf ();
     ^
conftest.c:48:6: note: 'sinf' is a builtin with type 'float (float)'
1 warning generated.
[0;33mwarning:[0m unexpected number of arguments 0 in call to 'sinf', should be 1
configure:4248: $? = 0
configure:4248: result: yes
configure:4255: checking for cosf
configure:4255: /home/bloom510/Desktop/emsdk/emscripten/1.38.25/emcc -o conftest    conftest.c -lm -lc  >&5
conftest.c:48:6: warning: incompatible redeclaration of library function 'cosf' [-Wincompatible-library-redeclaration]
char cosf ();
     ^
conftest.c:48:6: note: 'cosf' is a builtin with type 'float (float)'
1 warning generated.
[0;33mwarning:[0m unexpected number of arguments 0 in call to 'cosf', should be 1
configure:4255: $? = 0
configure:4255: result: yes
configure:4262: checking for expf
configure:4262: /home/bloom510/Desktop/emsdk/emscripten/1.38.25/emcc -o conftest    conftest.c -lm -lc  >&5
conftest.c:48:6: warning: incompatible redeclaration of library function 'expf' [-Wincompatible-library-redeclaration]
char expf ();
     ^
conftest.c:48:6: note: 'expf' is a builtin with type 'float (float)'
1 warning generated.
[0;33mwarning:[0m unexpected number of arguments 0 in call to 'expf', should be 1
configure:4262: $? = 0
configure:4262: result: yes
configure:4269: checking for cargf
configure:4269: /home/bloom510/Desktop/emsdk/emscripten/1.38.25/emcc -o conftest    conftest.c -lm -lc  >&5
conftest.c:48:6: warning: incompatible redeclaration of library function 'cargf' [-Wincompatible-library-redeclaration]
char cargf ();
     ^
conftest.c:48:6: note: 'cargf' is a builtin with type 'float (_Complex float)'
1 warning generated.
[0;33mwarning:[0m unexpected number of arguments 0 in call to 'cargf', should be 1
[0;33mwarning:[0m unexpected return type i8 in call to 'cargf', should be float
configure:4269: $? = 0
configure:4269: result: yes
configure:4276: checking for cexpf
configure:4276: /home/bloom510/Desktop/emsdk/emscripten/1.38.25/emcc -o conftest    conftest.c -lm -lc  >&5
conftest.c:48:6: warning: incompatible redeclaration of library function 'cexpf' [-Wincompatible-library-redeclaration]
char cexpf ();
     ^
conftest.c:48:6: note: 'cexpf' is a builtin with type '_Complex float (_Complex float)'
1 warning generated.
[0;33mwarning:[0m unexpected number of arguments 0 in call to 'cexpf', should be 2
[0;33mwarning:[0m unexpected return type i8 in call to 'cexpf', should be void
configure:4276: $? = 0
configure:4276: result: yes
configure:4283: checking for crealf
configure:4283: /home/bloom510/Desktop/emsdk/emscripten/1.38.25/emcc -o conftest    conftest.c -lm -lc  >&5
conftest.c:48:6: warning: incompatible redeclaration of library function 'crealf' [-Wincompatible-library-redeclaration]
char crealf ();
     ^
conftest.c:48:6: note: 'crealf' is a builtin with type 'float (_Complex float)'
1 warning generated.
[0;33mwarning:[0m unexpected number of arguments 0 in call to 'crealf', should be 1
[0;33mwarning:[0m unexpected return type i8 in call to 'crealf', should be float
configure:4283: $? = 0
configure:4283: result: yes
configure:4290: checking for cimagf
configure:4290: /home/bloom510/Desktop/emsdk/emscripten/1.38.25/emcc -o conftest    conftest.c -lm -lc  >&5
conftest.c:48:6: warning: incompatible redeclaration of library function 'cimagf' [-Wincompatible-library-redeclaration]
char cimagf ();
     ^
conftest.c:48:6: note: 'cimagf' is a builtin with type 'float (_Complex float)'
1 warning generated.
[0;33mwarning:[0m unexpected number of arguments 0 in call to 'cimagf', should be 1
[0;33mwarning:[0m unexpected return type i8 in call to 'cimagf', should be float
configure:4290: $? = 0
configure:4290: result: yes
configure:4297: checking for sqrtf
configure:4297: /home/bloom510/Desktop/emsdk/emscripten/1.38.25/emcc -o conftest    conftest.c -lm -lc  >&5
conftest.c:48:6: warning: incompatible redeclaration of library function 'sqrtf' [-Wincompatible-library-redeclaration]
char sqrtf ();
     ^
conftest.c:48:6: note: 'sqrtf' is a builtin with type 'float (float)'
1 warning generated.
[0;33mwarning:[0m unexpected number of arguments 0 in call to 'sqrtf', should be 1
configure:4297: $? = 0
configure:4297: result: yes
configure:4309: checking stdio.h usability
configure:4309: /home/bloom510/Desktop/emsdk/emscripten/1.38.25/emcc -c   conftest.c >&5
configure:4309: $? = 0
configure:4309: result: yes
configure:4309: checking stdio.h presence
configure:4309: /home/bloom510/Desktop/emsdk/emscripten/1.38.25/emcc -E  conftest.c
configure:4309: $? = 0
configure:4309: result: yes
configure:4309: checking for stdio.h
configure:4309: result: yes
configure:4309: checking for stdlib.h
configure:4309: result: yes
configure:4309: checking complex.h usability
configure:4309: /home/bloom510/Desktop/emsdk/emscripten/1.38.25/emcc -c   conftest.c >&5
configure:4309: $? = 0
configure:4309: result: yes
configure:4309: checking complex.h presence
configure:4309: /home/bloom510/Desktop/emsdk/emscripten/1.38.25/emcc -E  conftest.c
configure:4309: $? = 0
configure:4309: result: yes
configure:4309: checking for complex.h
configure:4309: result: yes
configure:4309: checking for string.h
configure:4309: result: yes
configure:4309: checking getopt.h usability
configure:4309: /home/bloom510/Desktop/emsdk/emscripten/1.38.25/emcc -c   conftest.c >&5
configure:4309: $? = 0
configure:4309: result: yes
configure:4309: checking getopt.h presence
configure:4309: /home/bloom510/Desktop/emsdk/emscripten/1.38.25/emcc -E  conftest.c
configure:4309: $? = 0
configure:4309: result: yes
configure:4309: checking for getopt.h
configure:4309: result: yes
configure:4309: checking sys/resource.h usability
configure:4309: /home/bloom510/Desktop/emsdk/emscripten/1.38.25/emcc -c   conftest.c >&5
configure:4309: $? = 0
configure:4309: result: yes
configure:4309: checking sys/resource.h presence
configure:4309: /home/bloom510/Desktop/emsdk/emscripten/1.38.25/emcc -E  conftest.c
configure:4309: $? = 0
configure:4309: result: yes
configure:4309: checking for sys/resource.h
configure:4309: result: yes
configure:4309: checking float.h usability
configure:4309: /home/bloom510/Desktop/emsdk/emscripten/1.38.25/emcc -c   conftest.c >&5
configure:4309: $? = 0
configure:4309: result: yes
configure:4309: checking float.h presence
configure:4309: /home/bloom510/Desktop/emsdk/emscripten/1.38.25/emcc -E  conftest.c
configure:4309: $? = 0
configure:4309: result: yes
configure:4309: checking for float.h
configure:4309: result: yes
configure:4309: checking for inttypes.h
configure:4309: result: yes
configure:4309: checking limits.h usability
configure:4309: /home/bloom510/Desktop/emsdk/emscripten/1.38.25/emcc -c   conftest.c >&5
configure:4309: $? = 0
configure:4309: result: yes
configure:4309: checking limits.h presence
configure:4309: /home/bloom510/Desktop/emsdk/emscripten/1.38.25/emcc -E  conftest.c
configure:4309: $? = 0
configure:4309: result: yes
configure:4309: checking for limits.h
configure:4309: result: yes
configure:4309: checking for stdlib.h
configure:4309: result: yes
configure:4309: checking for string.h
configure:4309: result: yes
configure:4309: checking for unistd.h
configure:4309: result: yes
configure:4328: checking fec.h usability
configure:4328: /home/bloom510/Desktop/emsdk/emscripten/1.38.25/emcc -c   conftest.c >&5
conftest.c:70:10: fatal error: 'fec.h' file not found
#include <fec.h>
         ^~~~~~~
1 error generated.
shared:ERROR: compiler frontend failed to generate LLVM bitcode, halting
configure:4328: $? = 1
configure: failed program was:
| /* confdefs.h */
| #define PACKAGE_NAME "liquid-dsp"
| #define PACKAGE_TARNAME "liquid-dsp"
| #define PACKAGE_VERSION "1.3.1"
| #define PACKAGE_STRING "liquid-dsp 1.3.1"
| #define PACKAGE_BUGREPORT "support@liquidsdr.org"
| #define PACKAGE_URL ""
| #define STDC_HEADERS 1
| #define HAVE_SYS_TYPES_H 1
| #define HAVE_SYS_STAT_H 1
| #define HAVE_STDLIB_H 1
| #define HAVE_STRING_H 1
| #define HAVE_MEMORY_H 1
| #define HAVE_STRINGS_H 1
| #define HAVE_INTTYPES_H 1
| #define HAVE_STDINT_H 1
| #define HAVE_UNISTD_H 1
| #define HAVE_STDLIB_H 1
| #define HAVE_MALLOC 1
| #define HAVE_STDLIB_H 1
| #define HAVE_REALLOC 1
| #define HAVE_LIBC 1
| #define HAVE_LIBM 1
| #define HAVE_STDIO_H 1
| #define HAVE_STDLIB_H 1
| #define HAVE_COMPLEX_H 1
| #define HAVE_STRING_H 1
| #define HAVE_GETOPT_H 1
| #define HAVE_SYS_RESOURCE_H 1
| #define HAVE_FLOAT_H 1
| #define HAVE_INTTYPES_H 1
| #define HAVE_LIMITS_H 1
| #define HAVE_STDLIB_H 1
| #define HAVE_STRING_H 1
| #define HAVE_UNISTD_H 1
| /* end confdefs.h.  */
| #include <stdio.h>
| #ifdef HAVE_SYS_TYPES_H
| # include <sys/types.h>
| #endif
| #ifdef HAVE_SYS_STAT_H
| # include <sys/stat.h>
| #endif
| #ifdef STDC_HEADERS
| # include <stdlib.h>
| # include <stddef.h>
| #else
| # ifdef HAVE_STDLIB_H
| #  include <stdlib.h>
| # endif
| #endif
| #ifdef HAVE_STRING_H
| # if !defined STDC_HEADERS && defined HAVE_MEMORY_H
| #  include <memory.h>
| # endif
| # include <string.h>
| #endif
| #ifdef HAVE_STRINGS_H
| # include <strings.h>
| #endif
| #ifdef HAVE_INTTYPES_H
| # include <inttypes.h>
| #endif
| #ifdef HAVE_STDINT_H
| # include <stdint.h>
| #endif
| #ifdef HAVE_UNISTD_H
| # include <unistd.h>
| #endif
| #include <fec.h>
configure:4328: result: no
configure:4328: checking fec.h presence
configure:4328: /home/bloom510/Desktop/emsdk/emscripten/1.38.25/emcc -E  conftest.c
conftest.c:37:10: fatal error: 'fec.h' file not found
#include <fec.h>
         ^~~~~~~
1 error generated.
configure:4328: $? = 1
configure: failed program was:
| /* confdefs.h */
| #define PACKAGE_NAME "liquid-dsp"
| #define PACKAGE_TARNAME "liquid-dsp"
| #define PACKAGE_VERSION "1.3.1"
| #define PACKAGE_STRING "liquid-dsp 1.3.1"
| #define PACKAGE_BUGREPORT "support@liquidsdr.org"
| #define PACKAGE_URL ""
| #define STDC_HEADERS 1
| #define HAVE_SYS_TYPES_H 1
| #define HAVE_SYS_STAT_H 1
| #define HAVE_STDLIB_H 1
| #define HAVE_STRING_H 1
| #define HAVE_MEMORY_H 1
| #define HAVE_STRINGS_H 1
| #define HAVE_INTTYPES_H 1
| #define HAVE_STDINT_H 1
| #define HAVE_UNISTD_H 1
| #define HAVE_STDLIB_H 1
| #define HAVE_MALLOC 1
| #define HAVE_STDLIB_H 1
| #define HAVE_REALLOC 1
| #define HAVE_LIBC 1
| #define HAVE_LIBM 1
| #define HAVE_STDIO_H 1
| #define HAVE_STDLIB_H 1
| #define HAVE_COMPLEX_H 1
| #define HAVE_STRING_H 1
| #define HAVE_GETOPT_H 1
| #define HAVE_SYS_RESOURCE_H 1
| #define HAVE_FLOAT_H 1
| #define HAVE_INTTYPES_H 1
| #define HAVE_LIMITS_H 1
| #define HAVE_STDLIB_H 1
| #define HAVE_STRING_H 1
| #define HAVE_UNISTD_H 1
| /* end confdefs.h.  */
| #include <fec.h>
configure:4328: result: no
configure:4328: checking for fec.h
configure:4328: result: no
configure:4328: checking fftw3.h usability
configure:4328: /home/bloom510/Desktop/emsdk/emscripten/1.38.25/emcc -c   conftest.c >&5
conftest.c:70:10: fatal error: 'fftw3.h' file not found
#include <fftw3.h>
         ^~~~~~~~~
1 error generated.
shared:ERROR: compiler frontend failed to generate LLVM bitcode, halting
configure:4328: $? = 1
configure: failed program was:
| /* confdefs.h */
| #define PACKAGE_NAME "liquid-dsp"
| #define PACKAGE_TARNAME "liquid-dsp"
| #define PACKAGE_VERSION "1.3.1"
| #define PACKAGE_STRING "liquid-dsp 1.3.1"
| #define PACKAGE_BUGREPORT "support@liquidsdr.org"
| #define PACKAGE_URL ""
| #define STDC_HEADERS 1
| #define HAVE_SYS_TYPES_H 1
| #define HAVE_SYS_STAT_H 1
| #define HAVE_STDLIB_H 1
| #define HAVE_STRING_H 1
| #define HAVE_MEMORY_H 1
| #define HAVE_STRINGS_H 1
| #define HAVE_INTTYPES_H 1
| #define HAVE_STDINT_H 1
| #define HAVE_UNISTD_H 1
| #define HAVE_STDLIB_H 1
| #define HAVE_MALLOC 1
| #define HAVE_STDLIB_H 1
| #define HAVE_REALLOC 1
| #define HAVE_LIBC 1
| #define HAVE_LIBM 1
| #define HAVE_STDIO_H 1
| #define HAVE_STDLIB_H 1
| #define HAVE_COMPLEX_H 1
| #define HAVE_STRING_H 1
| #define HAVE_GETOPT_H 1
| #define HAVE_SYS_RESOURCE_H 1
| #define HAVE_FLOAT_H 1
| #define HAVE_INTTYPES_H 1
| #define HAVE_LIMITS_H 1
| #define HAVE_STDLIB_H 1
| #define HAVE_STRING_H 1
| #define HAVE_UNISTD_H 1
| /* end confdefs.h.  */
| #include <stdio.h>
| #ifdef HAVE_SYS_TYPES_H
| # include <sys/types.h>
| #endif
| #ifdef HAVE_SYS_STAT_H
| # include <sys/stat.h>
| #endif
| #ifdef STDC_HEADERS
| # include <stdlib.h>
| # include <stddef.h>
| #else
| # ifdef HAVE_STDLIB_H
| #  include <stdlib.h>
| # endif
| #endif
| #ifdef HAVE_STRING_H
| # if !defined STDC_HEADERS && defined HAVE_MEMORY_H
| #  include <memory.h>
| # endif
| # include <string.h>
| #endif
| #ifdef HAVE_STRINGS_H
| # include <strings.h>
| #endif
| #ifdef HAVE_INTTYPES_H
| # include <inttypes.h>
| #endif
| #ifdef HAVE_STDINT_H
| # include <stdint.h>
| #endif
| #ifdef HAVE_UNISTD_H
| # include <unistd.h>
| #endif
| #include <fftw3.h>
configure:4328: result: no
configure:4328: checking fftw3.h presence
configure:4328: /home/bloom510/Desktop/emsdk/emscripten/1.38.25/emcc -E  conftest.c
conftest.c:37:10: fatal error: 'fftw3.h' file not found
#include <fftw3.h>
         ^~~~~~~~~
1 error generated.
configure:4328: $? = 1
configure: failed program was:
| /* confdefs.h */
| #define PACKAGE_NAME "liquid-dsp"
| #define PACKAGE_TARNAME "liquid-dsp"
| #define PACKAGE_VERSION "1.3.1"
| #define PACKAGE_STRING "liquid-dsp 1.3.1"
| #define PACKAGE_BUGREPORT "support@liquidsdr.org"
| #define PACKAGE_URL ""
| #define STDC_HEADERS 1
| #define HAVE_SYS_TYPES_H 1
| #define HAVE_SYS_STAT_H 1
| #define HAVE_STDLIB_H 1
| #define HAVE_STRING_H 1
| #define HAVE_MEMORY_H 1
| #define HAVE_STRINGS_H 1
| #define HAVE_INTTYPES_H 1
| #define HAVE_STDINT_H 1
| #define HAVE_UNISTD_H 1
| #define HAVE_STDLIB_H 1
| #define HAVE_MALLOC 1
| #define HAVE_STDLIB_H 1
| #define HAVE_REALLOC 1
| #define HAVE_LIBC 1
| #define HAVE_LIBM 1
| #define HAVE_STDIO_H 1
| #define HAVE_STDLIB_H 1
| #define HAVE_COMPLEX_H 1
| #define HAVE_STRING_H 1
| #define HAVE_GETOPT_H 1
| #define HAVE_SYS_RESOURCE_H 1
| #define HAVE_FLOAT_H 1
| #define HAVE_INTTYPES_H 1
| #define HAVE_LIMITS_H 1
| #define HAVE_STDLIB_H 1
| #define HAVE_STRING_H 1
| #define HAVE_UNISTD_H 1
| /* end confdefs.h.  */
| #include <fftw3.h>
configure:4328: result: no
configure:4328: checking for fftw3.h
configure:4328: result: no
configure:4338: checking for fftwf_plan_dft_1d in -lfftw3f
configure:4363: /home/bloom510/Desktop/emsdk/emscripten/1.38.25/emcc -o conftest    conftest.c -lfftw3f  -lm -lc  >&5
shared:WARNING: emcc: cannot find library "fftw3f"
[0;33mwarning:[0m unexpected number of arguments 0 in call to 'fftwf_plan_dft_1d', should be 1
error: undefined symbol: fftwf_plan_dft_1d
warning: To disable errors for undefined symbols use `-s ERROR_ON_UNDEFINED_SYMBOLS=0`
Error: Aborting compilation due to previous errors
shared:ERROR: '/home/bloom510/Desktop/emsdk/node/8.9.1_64bit/bin/node /home/bloom510/Desktop/emsdk/emscripten/1.38.25/src/compiler.js /tmp/tmpysXsiC.txt /home/bloom510/Desktop/emsdk/emscripten/1.38.25/src/library_pthread_stub.js' failed (1)
configure:4363: $? = 1
configure: failed program was:
| /* confdefs.h */
| #define PACKAGE_NAME "liquid-dsp"
| #define PACKAGE_TARNAME "liquid-dsp"
| #define PACKAGE_VERSION "1.3.1"
| #define PACKAGE_STRING "liquid-dsp 1.3.1"
| #define PACKAGE_BUGREPORT "support@liquidsdr.org"
| #define PACKAGE_URL ""
| #define STDC_HEADERS 1
| #define HAVE_SYS_TYPES_H 1
| #define HAVE_SYS_STAT_H 1
| #define HAVE_STDLIB_H 1
| #define HAVE_STRING_H 1
| #define HAVE_MEMORY_H 1
| #define HAVE_STRINGS_H 1
| #define HAVE_INTTYPES_H 1
| #define HAVE_STDINT_H 1
| #define HAVE_UNISTD_H 1
| #define HAVE_STDLIB_H 1
| #define HAVE_MALLOC 1
| #define HAVE_STDLIB_H 1
| #define HAVE_REALLOC 1
| #define HAVE_LIBC 1
| #define HAVE_LIBM 1
| #define HAVE_STDIO_H 1
| #define HAVE_STDLIB_H 1
| #define HAVE_COMPLEX_H 1
| #define HAVE_STRING_H 1
| #define HAVE_GETOPT_H 1
| #define HAVE_SYS_RESOURCE_H 1
| #define HAVE_FLOAT_H 1
| #define HAVE_INTTYPES_H 1
| #define HAVE_LIMITS_H 1
| #define HAVE_STDLIB_H 1
| #define HAVE_STRING_H 1
| #define HAVE_UNISTD_H 1
| /* end confdefs.h.  */
| 
| /* Override any GCC internal prototype to avoid an error.
|    Use char because int might match the return type of a GCC
|    builtin and then its argument prototype would still apply.  */
| #ifdef __cplusplus
| extern "C"
| #endif
| char fftwf_plan_dft_1d ();
| int
| main ()
| {
| return fftwf_plan_dft_1d ();
|   ;
|   return 0;
| }
configure:4372: result: no
configure:4382: WARNING: fftw3 library useful but not required
configure:4386: checking for create_viterbi27 in -lfec
configure:4411: /home/bloom510/Desktop/emsdk/emscripten/1.38.25/emcc -o conftest    conftest.c -lfec  -lm -lc  >&5
shared:WARNING: emcc: cannot find library "fec"
[0;33mwarning:[0m unexpected number of arguments 0 in call to 'create_viterbi27', should be 1
error: undefined symbol: create_viterbi27
warning: To disable errors for undefined symbols use `-s ERROR_ON_UNDEFINED_SYMBOLS=0`
Error: Aborting compilation due to previous errors
shared:ERROR: '/home/bloom510/Desktop/emsdk/node/8.9.1_64bit/bin/node /home/bloom510/Desktop/emsdk/emscripten/1.38.25/src/compiler.js /tmp/tmpnlgGQk.txt /home/bloom510/Desktop/emsdk/emscripten/1.38.25/src/library_pthread_stub.js' failed (1)
configure:4411: $? = 1
configure: failed program was:
| /* confdefs.h */
| #define PACKAGE_NAME "liquid-dsp"
| #define PACKAGE_TARNAME "liquid-dsp"
| #define PACKAGE_VERSION "1.3.1"
| #define PACKAGE_STRING "liquid-dsp 1.3.1"
| #define PACKAGE_BUGREPORT "support@liquidsdr.org"
| #define PACKAGE_URL ""
| #define STDC_HEADERS 1
| #define HAVE_SYS_TYPES_H 1
| #define HAVE_SYS_STAT_H 1
| #define HAVE_STDLIB_H 1
| #define HAVE_STRING_H 1
| #define HAVE_MEMORY_H 1
| #define HAVE_STRINGS_H 1
| #define HAVE_INTTYPES_H 1
| #define HAVE_STDINT_H 1
| #define HAVE_UNISTD_H 1
| #define HAVE_STDLIB_H 1
| #define HAVE_MALLOC 1
| #define HAVE_STDLIB_H 1
| #define HAVE_REALLOC 1
| #define HAVE_LIBC 1
| #define HAVE_LIBM 1
| #define HAVE_STDIO_H 1
| #define HAVE_STDLIB_H 1
| #define HAVE_COMPLEX_H 1
| #define HAVE_STRING_H 1
| #define HAVE_GETOPT_H 1
| #define HAVE_SYS_RESOURCE_H 1
| #define HAVE_FLOAT_H 1
| #define HAVE_INTTYPES_H 1
| #define HAVE_LIMITS_H 1
| #define HAVE_STDLIB_H 1
| #define HAVE_STRING_H 1
| #define HAVE_UNISTD_H 1
| /* end confdefs.h.  */
| 
| /* Override any GCC internal prototype to avoid an error.
|    Use char because int might match the return type of a GCC
|    builtin and then its argument prototype would still apply.  */
| #ifdef __cplusplus
| extern "C"
| #endif
| char create_viterbi27 ();
| int
| main ()
| {
| return create_viterbi27 ();
|   ;
|   return 0;
| }
configure:4420: result: no
configure:4430: WARNING: fec library useful but not required
configure:4436: checking for inline
configure:4452: /home/bloom510/Desktop/emsdk/emscripten/1.38.25/emcc -c   conftest.c >&5
configure:4452: $? = 0
configure:4460: result: inline
configure:4478: checking for size_t
configure:4478: /home/bloom510/Desktop/emsdk/emscripten/1.38.25/emcc -c   conftest.c >&5
configure:4478: $? = 0
configure:4478: /home/bloom510/Desktop/emsdk/emscripten/1.38.25/emcc -c   conftest.c >&5
conftest.c:73:21: error: expected expression
if (sizeof ((size_t)))
                    ^
1 error generated.
shared:ERROR: compiler frontend failed to generate LLVM bitcode, halting
configure:4478: $? = 1
configure: failed program was:
| /* confdefs.h */
| #define PACKAGE_NAME "liquid-dsp"
| #define PACKAGE_TARNAME "liquid-dsp"
| #define PACKAGE_VERSION "1.3.1"
| #define PACKAGE_STRING "liquid-dsp 1.3.1"
| #define PACKAGE_BUGREPORT "support@liquidsdr.org"
| #define PACKAGE_URL ""
| #define STDC_HEADERS 1
| #define HAVE_SYS_TYPES_H 1
| #define HAVE_SYS_STAT_H 1
| #define HAVE_STDLIB_H 1
| #define HAVE_STRING_H 1
| #define HAVE_MEMORY_H 1
| #define HAVE_STRINGS_H 1
| #define HAVE_INTTYPES_H 1
| #define HAVE_STDINT_H 1
| #define HAVE_UNISTD_H 1
| #define HAVE_STDLIB_H 1
| #define HAVE_MALLOC 1
| #define HAVE_STDLIB_H 1
| #define HAVE_REALLOC 1
| #define HAVE_LIBC 1
| #define HAVE_LIBM 1
| #define HAVE_STDIO_H 1
| #define HAVE_STDLIB_H 1
| #define HAVE_COMPLEX_H 1
| #define HAVE_STRING_H 1
| #define HAVE_GETOPT_H 1
| #define HAVE_SYS_RESOURCE_H 1
| #define HAVE_FLOAT_H 1
| #define HAVE_INTTYPES_H 1
| #define HAVE_LIMITS_H 1
| #define HAVE_STDLIB_H 1
| #define HAVE_STRING_H 1
| #define HAVE_UNISTD_H 1
| /* end confdefs.h.  */
| #include <stdio.h>
| #ifdef HAVE_SYS_TYPES_H
| # include <sys/types.h>
| #endif
| #ifdef HAVE_SYS_STAT_H
| # include <sys/stat.h>
| #endif
| #ifdef STDC_HEADERS
| # include <stdlib.h>
| # include <stddef.h>
| #else
| # ifdef HAVE_STDLIB_H
| #  include <stdlib.h>
| # endif
| #endif
| #ifdef HAVE_STRING_H
| # if !defined STDC_HEADERS && defined HAVE_MEMORY_H
| #  include <memory.h>
| # endif
| # include <string.h>
| #endif
| #ifdef HAVE_STRINGS_H
| # include <strings.h>
| #endif
| #ifdef HAVE_INTTYPES_H
| # include <inttypes.h>
| #endif
| #ifdef HAVE_STDINT_H
| # include <stdint.h>
| #endif
| #ifdef HAVE_UNISTD_H
| # include <unistd.h>
| #endif
| int
| main ()
| {
| if (sizeof ((size_t)))
| 	    return 0;
|   ;
|   return 0;
| }
configure:4478: result: yes
configure:4489: checking for uint32_t
configure:4489: /home/bloom510/Desktop/emsdk/emscripten/1.38.25/emcc -c   conftest.c >&5
configure:4489: $? = 0
configure:4489: result: yes
configure:4503: checking for uint8_t
configure:4503: /home/bloom510/Desktop/emsdk/emscripten/1.38.25/emcc -c   conftest.c >&5
configure:4503: $? = 0
configure:4503: result: yes
configure:4523: checking size of int
configure:4528: /home/bloom510/Desktop/emsdk/emscripten/1.38.25/emcc -o conftest    conftest.c -lm -lc  >&5
configure:4528: $? = 0
configure:4528: ./conftest
configure:4528: $? = 0
configure:4542: result: 4
configure:4556: checking size of unsigned int
configure:4561: /home/bloom510/Desktop/emsdk/emscripten/1.38.25/emcc -o conftest    conftest.c -lm -lc  >&5
configure:4561: $? = 0
configure:4561: ./conftest
configure:4561: $? = 0
configure:4575: result: 4
configure:4597: checking build system type
configure:4611: result: x86_64-pc-linux-gnu
configure:4631: checking host system type
configure:4644: result: x86_64-pc-linux-gnu
configure:4664: checking target system type
configure:4677: result: x86_64-pc-linux-gnu
configure:4731: checking for x86 cpuid  output
configure:4760: /home/bloom510/Desktop/emsdk/emscripten/1.38.25/emcc -o conftest    conftest.c -lm -lc  >&5
conftest.c:44:15: error: expected expression
     int op = , eax, ebx, ecx, edx;
              ^
conftest.c:47:11: error: invalid output constraint '=a' in asm
        : "=a" (eax), "=b" (ebx), "=c" (ecx), "=d" (edx)
          ^
2 errors generated.
shared:ERROR: compiler frontend failed to generate LLVM bitcode, halting
configure:4760: $? = 1
configure: program exited with status 1
configure: failed program was:
| /* confdefs.h */
| #define PACKAGE_NAME "liquid-dsp"
| #define PACKAGE_TARNAME "liquid-dsp"
| #define PACKAGE_VERSION "1.3.1"
| #define PACKAGE_STRING "liquid-dsp 1.3.1"
| #define PACKAGE_BUGREPORT "support@liquidsdr.org"
| #define PACKAGE_URL ""
| #define STDC_HEADERS 1
| #define HAVE_SYS_TYPES_H 1
| #define HAVE_SYS_STAT_H 1
| #define HAVE_STDLIB_H 1
| #define HAVE_STRING_H 1
| #define HAVE_MEMORY_H 1
| #define HAVE_STRINGS_H 1
| #define HAVE_INTTYPES_H 1
| #define HAVE_STDINT_H 1
| #define HAVE_UNISTD_H 1
| #define HAVE_STDLIB_H 1
| #define HAVE_MALLOC 1
| #define HAVE_STDLIB_H 1
| #define HAVE_REALLOC 1
| #define HAVE_LIBC 1
| #define HAVE_LIBM 1
| #define HAVE_STDIO_H 1
| #define HAVE_STDLIB_H 1
| #define HAVE_COMPLEX_H 1
| #define HAVE_STRING_H 1
| #define HAVE_GETOPT_H 1
| #define HAVE_SYS_RESOURCE_H 1
| #define HAVE_FLOAT_H 1
| #define HAVE_INTTYPES_H 1
| #define HAVE_LIMITS_H 1
| #define HAVE_STDLIB_H 1
| #define HAVE_STRING_H 1
| #define HAVE_UNISTD_H 1
| #define SIZEOF_INT 4
| #define SIZEOF_UNSIGNED_INT 4
| /* end confdefs.h.  */
| #include <stdio.h>
| int
| main ()
| {
| 
|      int op = , eax, ebx, ecx, edx;
|      FILE *f;
|       __asm__("cpuid"
|         : "=a" (eax), "=b" (ebx), "=c" (ecx), "=d" (edx)
|         : "a" (op));
|      f = fopen("conftest_cpuid", "w"); if (!f) return 1;
|      fprintf(f, "%x:%x:%x:%x\n", eax, ebx, ecx, edx);
|      fclose(f);
|      return 0;
| 
|   ;
|   return 0;
| }
configure:4770: result: unknown
configure:4789: checking for x86 cpuid 0x00000001 output
configure:4818: /home/bloom510/Desktop/emsdk/emscripten/1.38.25/emcc -o conftest    conftest.c -lm -lc  >&5
conftest.c:47:11: error: invalid output constraint '=a' in asm
        : "=a" (eax), "=b" (ebx), "=c" (ecx), "=d" (edx)
          ^
1 error generated.
shared:ERROR: compiler frontend failed to generate LLVM bitcode, halting
configure:4818: $? = 1
configure: program exited with status 1
configure: failed program was:
| /* confdefs.h */
| #define PACKAGE_NAME "liquid-dsp"
| #define PACKAGE_TARNAME "liquid-dsp"
| #define PACKAGE_VERSION "1.3.1"
| #define PACKAGE_STRING "liquid-dsp 1.3.1"
| #define PACKAGE_BUGREPORT "support@liquidsdr.org"
| #define PACKAGE_URL ""
| #define STDC_HEADERS 1
| #define HAVE_SYS_TYPES_H 1
| #define HAVE_SYS_STAT_H 1
| #define HAVE_STDLIB_H 1
| #define HAVE_STRING_H 1
| #define HAVE_MEMORY_H 1
| #define HAVE_STRINGS_H 1
| #define HAVE_INTTYPES_H 1
| #define HAVE_STDINT_H 1
| #define HAVE_UNISTD_H 1
| #define HAVE_STDLIB_H 1
| #define HAVE_MALLOC 1
| #define HAVE_STDLIB_H 1
| #define HAVE_REALLOC 1
| #define HAVE_LIBC 1
| #define HAVE_LIBM 1
| #define HAVE_STDIO_H 1
| #define HAVE_STDLIB_H 1
| #define HAVE_COMPLEX_H 1
| #define HAVE_STRING_H 1
| #define HAVE_GETOPT_H 1
| #define HAVE_SYS_RESOURCE_H 1
| #define HAVE_FLOAT_H 1
| #define HAVE_INTTYPES_H 1
| #define HAVE_LIMITS_H 1
| #define HAVE_STDLIB_H 1
| #define HAVE_STRING_H 1
| #define HAVE_UNISTD_H 1
| #define SIZEOF_INT 4
| #define SIZEOF_UNSIGNED_INT 4
| /* end confdefs.h.  */
| #include <stdio.h>
| int
| main ()
| {
| 
|      int op = 0x00000001, eax, ebx, ecx, edx;
|      FILE *f;
|       __asm__("cpuid"
|         : "=a" (eax), "=b" (ebx), "=c" (ecx), "=d" (edx)
|         : "a" (op));
|      f = fopen("conftest_cpuid", "w"); if (!f) return 1;
|      fprintf(f, "%x:%x:%x:%x\n", eax, ebx, ecx, edx);
|      fclose(f);
|      return 0;
| 
|   ;
|   return 0;
| }
configure:4828: result: unknown
configure:4848: checking mmintrin.h usability
configure:4848: /home/bloom510/Desktop/emsdk/emscripten/1.38.25/emcc -c   conftest.c >&5
conftest.c:72:10: fatal error: 'mmintrin.h' file not found
#include <mmintrin.h>
         ^~~~~~~~~~~~
1 error generated.
shared:ERROR: compiler frontend failed to generate LLVM bitcode, halting
configure:4848: $? = 1
configure: failed program was:
| /* confdefs.h */
| #define PACKAGE_NAME "liquid-dsp"
| #define PACKAGE_TARNAME "liquid-dsp"
| #define PACKAGE_VERSION "1.3.1"
| #define PACKAGE_STRING "liquid-dsp 1.3.1"
| #define PACKAGE_BUGREPORT "support@liquidsdr.org"
| #define PACKAGE_URL ""
| #define STDC_HEADERS 1
| #define HAVE_SYS_TYPES_H 1
| #define HAVE_SYS_STAT_H 1
| #define HAVE_STDLIB_H 1
| #define HAVE_STRING_H 1
| #define HAVE_MEMORY_H 1
| #define HAVE_STRINGS_H 1
| #define HAVE_INTTYPES_H 1
| #define HAVE_STDINT_H 1
| #define HAVE_UNISTD_H 1
| #define HAVE_STDLIB_H 1
| #define HAVE_MALLOC 1
| #define HAVE_STDLIB_H 1
| #define HAVE_REALLOC 1
| #define HAVE_LIBC 1
| #define HAVE_LIBM 1
| #define HAVE_STDIO_H 1
| #define HAVE_STDLIB_H 1
| #define HAVE_COMPLEX_H 1
| #define HAVE_STRING_H 1
| #define HAVE_GETOPT_H 1
| #define HAVE_SYS_RESOURCE_H 1
| #define HAVE_FLOAT_H 1
| #define HAVE_INTTYPES_H 1
| #define HAVE_LIMITS_H 1
| #define HAVE_STDLIB_H 1
| #define HAVE_STRING_H 1
| #define HAVE_UNISTD_H 1
| #define SIZEOF_INT 4
| #define SIZEOF_UNSIGNED_INT 4
| /* end confdefs.h.  */
| #include <stdio.h>
| #ifdef HAVE_SYS_TYPES_H
| # include <sys/types.h>
| #endif
| #ifdef HAVE_SYS_STAT_H
| # include <sys/stat.h>
| #endif
| #ifdef STDC_HEADERS
| # include <stdlib.h>
| # include <stddef.h>
| #else
| # ifdef HAVE_STDLIB_H
| #  include <stdlib.h>
| # endif
| #endif
| #ifdef HAVE_STRING_H
| # if !defined STDC_HEADERS && defined HAVE_MEMORY_H
| #  include <memory.h>
| # endif
| # include <string.h>
| #endif
| #ifdef HAVE_STRINGS_H
| # include <strings.h>
| #endif
| #ifdef HAVE_INTTYPES_H
| # include <inttypes.h>
| #endif
| #ifdef HAVE_STDINT_H
| # include <stdint.h>
| #endif
| #ifdef HAVE_UNISTD_H
| # include <unistd.h>
| #endif
| #include <mmintrin.h>
configure:4848: result: no
configure:4848: checking mmintrin.h presence
configure:4848: /home/bloom510/Desktop/emsdk/emscripten/1.38.25/emcc -E  conftest.c
conftest.c:39:10: fatal error: 'mmintrin.h' file not found
#include <mmintrin.h>
         ^~~~~~~~~~~~
1 error generated.
configure:4848: $? = 1
configure: failed program was:
| /* confdefs.h */
| #define PACKAGE_NAME "liquid-dsp"
| #define PACKAGE_TARNAME "liquid-dsp"
| #define PACKAGE_VERSION "1.3.1"
| #define PACKAGE_STRING "liquid-dsp 1.3.1"
| #define PACKAGE_BUGREPORT "support@liquidsdr.org"
| #define PACKAGE_URL ""
| #define STDC_HEADERS 1
| #define HAVE_SYS_TYPES_H 1
| #define HAVE_SYS_STAT_H 1
| #define HAVE_STDLIB_H 1
| #define HAVE_STRING_H 1
| #define HAVE_MEMORY_H 1
| #define HAVE_STRINGS_H 1
| #define HAVE_INTTYPES_H 1
| #define HAVE_STDINT_H 1
| #define HAVE_UNISTD_H 1
| #define HAVE_STDLIB_H 1
| #define HAVE_MALLOC 1
| #define HAVE_STDLIB_H 1
| #define HAVE_REALLOC 1
| #define HAVE_LIBC 1
| #define HAVE_LIBM 1
| #define HAVE_STDIO_H 1
| #define HAVE_STDLIB_H 1
| #define HAVE_COMPLEX_H 1
| #define HAVE_STRING_H 1
| #define HAVE_GETOPT_H 1
| #define HAVE_SYS_RESOURCE_H 1
| #define HAVE_FLOAT_H 1
| #define HAVE_INTTYPES_H 1
| #define HAVE_LIMITS_H 1
| #define HAVE_STDLIB_H 1
| #define HAVE_STRING_H 1
| #define HAVE_UNISTD_H 1
| #define SIZEOF_INT 4
| #define SIZEOF_UNSIGNED_INT 4
| /* end confdefs.h.  */
| #include <mmintrin.h>
configure:4848: result: no
configure:4848: checking for mmintrin.h
configure:4848: result: no
configure:4848: checking xmmintrin.h usability
configure:4848: /home/bloom510/Desktop/emsdk/emscripten/1.38.25/emcc -c   conftest.c >&5
In file included from conftest.c:72:
/home/bloom510/Desktop/emsdk/emscripten/1.38.25/system/include/SSE/xmmintrin.h:10:2: error: "SSE instruction set not enabled"
#error "SSE instruction set not enabled"
 ^
1 error generated.
shared:ERROR: compiler frontend failed to generate LLVM bitcode, halting
configure:4848: $? = 1
configure: failed program was:
| /* confdefs.h */
| #define PACKAGE_NAME "liquid-dsp"
| #define PACKAGE_TARNAME "liquid-dsp"
| #define PACKAGE_VERSION "1.3.1"
| #define PACKAGE_STRING "liquid-dsp 1.3.1"
| #define PACKAGE_BUGREPORT "support@liquidsdr.org"
| #define PACKAGE_URL ""
| #define STDC_HEADERS 1
| #define HAVE_SYS_TYPES_H 1
| #define HAVE_SYS_STAT_H 1
| #define HAVE_STDLIB_H 1
| #define HAVE_STRING_H 1
| #define HAVE_MEMORY_H 1
| #define HAVE_STRINGS_H 1
| #define HAVE_INTTYPES_H 1
| #define HAVE_STDINT_H 1
| #define HAVE_UNISTD_H 1
| #define HAVE_STDLIB_H 1
| #define HAVE_MALLOC 1
| #define HAVE_STDLIB_H 1
| #define HAVE_REALLOC 1
| #define HAVE_LIBC 1
| #define HAVE_LIBM 1
| #define HAVE_STDIO_H 1
| #define HAVE_STDLIB_H 1
| #define HAVE_COMPLEX_H 1
| #define HAVE_STRING_H 1
| #define HAVE_GETOPT_H 1
| #define HAVE_SYS_RESOURCE_H 1
| #define HAVE_FLOAT_H 1
| #define HAVE_INTTYPES_H 1
| #define HAVE_LIMITS_H 1
| #define HAVE_STDLIB_H 1
| #define HAVE_STRING_H 1
| #define HAVE_UNISTD_H 1
| #define SIZEOF_INT 4
| #define SIZEOF_UNSIGNED_INT 4
| /* end confdefs.h.  */
| #include <stdio.h>
| #ifdef HAVE_SYS_TYPES_H
| # include <sys/types.h>
| #endif
| #ifdef HAVE_SYS_STAT_H
| # include <sys/stat.h>
| #endif
| #ifdef STDC_HEADERS
| # include <stdlib.h>
| # include <stddef.h>
| #else
| # ifdef HAVE_STDLIB_H
| #  include <stdlib.h>
| # endif
| #endif
| #ifdef HAVE_STRING_H
| # if !defined STDC_HEADERS && defined HAVE_MEMORY_H
| #  include <memory.h>
| # endif
| # include <string.h>
| #endif
| #ifdef HAVE_STRINGS_H
| # include <strings.h>
| #endif
| #ifdef HAVE_INTTYPES_H
| # include <inttypes.h>
| #endif
| #ifdef HAVE_STDINT_H
| # include <stdint.h>
| #endif
| #ifdef HAVE_UNISTD_H
| # include <unistd.h>
| #endif
| #include <xmmintrin.h>
configure:4848: result: no
configure:4848: checking xmmintrin.h presence
configure:4848: /home/bloom510/Desktop/emsdk/emscripten/1.38.25/emcc -E  conftest.c
In file included from conftest.c:39:
/home/bloom510/Desktop/emsdk/emscripten/1.38.25/system/include/SSE/xmmintrin.h:10:2: error: "SSE instruction set not enabled"
#error "SSE instruction set not enabled"
 ^
1 error generated.
configure:4848: $? = 1
configure: failed program was:
| /* confdefs.h */
| #define PACKAGE_NAME "liquid-dsp"
| #define PACKAGE_TARNAME "liquid-dsp"
| #define PACKAGE_VERSION "1.3.1"
| #define PACKAGE_STRING "liquid-dsp 1.3.1"
| #define PACKAGE_BUGREPORT "support@liquidsdr.org"
| #define PACKAGE_URL ""
| #define STDC_HEADERS 1
| #define HAVE_SYS_TYPES_H 1
| #define HAVE_SYS_STAT_H 1
| #define HAVE_STDLIB_H 1
| #define HAVE_STRING_H 1
| #define HAVE_MEMORY_H 1
| #define HAVE_STRINGS_H 1
| #define HAVE_INTTYPES_H 1
| #define HAVE_STDINT_H 1
| #define HAVE_UNISTD_H 1
| #define HAVE_STDLIB_H 1
| #define HAVE_MALLOC 1
| #define HAVE_STDLIB_H 1
| #define HAVE_REALLOC 1
| #define HAVE_LIBC 1
| #define HAVE_LIBM 1
| #define HAVE_STDIO_H 1
| #define HAVE_STDLIB_H 1
| #define HAVE_COMPLEX_H 1
| #define HAVE_STRING_H 1
| #define HAVE_GETOPT_H 1
| #define HAVE_SYS_RESOURCE_H 1
| #define HAVE_FLOAT_H 1
| #define HAVE_INTTYPES_H 1
| #define HAVE_LIMITS_H 1
| #define HAVE_STDLIB_H 1
| #define HAVE_STRING_H 1
| #define HAVE_UNISTD_H 1
| #define SIZEOF_INT 4
| #define SIZEOF_UNSIGNED_INT 4
| /* end confdefs.h.  */
| #include <xmmintrin.h>
configure:4848: result: no
configure:4848: checking for xmmintrin.h
configure:4848: result: no
configure:4848: checking emmintrin.h usability
configure:4848: /home/bloom510/Desktop/emsdk/emscripten/1.38.25/emcc -c   conftest.c >&5
In file included from conftest.c:72:
/home/bloom510/Desktop/emsdk/emscripten/1.38.25/system/include/SSE/emmintrin.h:49:2: error: "SSE2 instruction set not enabled"
#error "SSE2 instruction set not enabled"
 ^
In file included from conftest.c:72:
In file included from /home/bloom510/Desktop/emsdk/emscripten/1.38.25/system/include/SSE/emmintrin.h:52:
/home/bloom510/Desktop/emsdk/emscripten/1.38.25/system/include/SSE/xmmintrin.h:10:2: error: "SSE instruction set not enabled"
#error "SSE instruction set not enabled"
 ^
2 errors generated.
shared:ERROR: compiler frontend failed to generate LLVM bitcode, halting
configure:4848: $? = 1
configure: failed program was:
| /* confdefs.h */
| #define PACKAGE_NAME "liquid-dsp"
| #define PACKAGE_TARNAME "liquid-dsp"
| #define PACKAGE_VERSION "1.3.1"
| #define PACKAGE_STRING "liquid-dsp 1.3.1"
| #define PACKAGE_BUGREPORT "support@liquidsdr.org"
| #define PACKAGE_URL ""
| #define STDC_HEADERS 1
| #define HAVE_SYS_TYPES_H 1
| #define HAVE_SYS_STAT_H 1
| #define HAVE_STDLIB_H 1
| #define HAVE_STRING_H 1
| #define HAVE_MEMORY_H 1
| #define HAVE_STRINGS_H 1
| #define HAVE_INTTYPES_H 1
| #define HAVE_STDINT_H 1
| #define HAVE_UNISTD_H 1
| #define HAVE_STDLIB_H 1
| #define HAVE_MALLOC 1
| #define HAVE_STDLIB_H 1
| #define HAVE_REALLOC 1
| #define HAVE_LIBC 1
| #define HAVE_LIBM 1
| #define HAVE_STDIO_H 1
| #define HAVE_STDLIB_H 1
| #define HAVE_COMPLEX_H 1
| #define HAVE_STRING_H 1
| #define HAVE_GETOPT_H 1
| #define HAVE_SYS_RESOURCE_H 1
| #define HAVE_FLOAT_H 1
| #define HAVE_INTTYPES_H 1
| #define HAVE_LIMITS_H 1
| #define HAVE_STDLIB_H 1
| #define HAVE_STRING_H 1
| #define HAVE_UNISTD_H 1
| #define SIZEOF_INT 4
| #define SIZEOF_UNSIGNED_INT 4
| /* end confdefs.h.  */
| #include <stdio.h>
| #ifdef HAVE_SYS_TYPES_H
| # include <sys/types.h>
| #endif
| #ifdef HAVE_SYS_STAT_H
| # include <sys/stat.h>
| #endif
| #ifdef STDC_HEADERS
| # include <stdlib.h>
| # include <stddef.h>
| #else
| # ifdef HAVE_STDLIB_H
| #  include <stdlib.h>
| # endif
| #endif
| #ifdef HAVE_STRING_H
| # if !defined STDC_HEADERS && defined HAVE_MEMORY_H
| #  include <memory.h>
| # endif
| # include <string.h>
| #endif
| #ifdef HAVE_STRINGS_H
| # include <strings.h>
| #endif
| #ifdef HAVE_INTTYPES_H
| # include <inttypes.h>
| #endif
| #ifdef HAVE_STDINT_H
| # include <stdint.h>
| #endif
| #ifdef HAVE_UNISTD_H
| # include <unistd.h>
| #endif
| #include <emmintrin.h>
configure:4848: result: no
configure:4848: checking emmintrin.h presence
configure:4848: /home/bloom510/Desktop/emsdk/emscripten/1.38.25/emcc -E  conftest.c
In file included from conftest.c:39:
/home/bloom510/Desktop/emsdk/emscripten/1.38.25/system/include/SSE/emmintrin.h:49:2: error: "SSE2 instruction set not enabled"
#error "SSE2 instruction set not enabled"
 ^
In file included from conftest.c:39:
In file included from /home/bloom510/Desktop/emsdk/emscripten/1.38.25/system/include/SSE/emmintrin.h:52:
/home/bloom510/Desktop/emsdk/emscripten/1.38.25/system/include/SSE/xmmintrin.h:10:2: error: "SSE instruction set not enabled"
#error "SSE instruction set not enabled"
 ^
2 errors generated.
configure:4848: $? = 1
configure: failed program was:
| /* confdefs.h */
| #define PACKAGE_NAME "liquid-dsp"
| #define PACKAGE_TARNAME "liquid-dsp"
| #define PACKAGE_VERSION "1.3.1"
| #define PACKAGE_STRING "liquid-dsp 1.3.1"
| #define PACKAGE_BUGREPORT "support@liquidsdr.org"
| #define PACKAGE_URL ""
| #define STDC_HEADERS 1
| #define HAVE_SYS_TYPES_H 1
| #define HAVE_SYS_STAT_H 1
| #define HAVE_STDLIB_H 1
| #define HAVE_STRING_H 1
| #define HAVE_MEMORY_H 1
| #define HAVE_STRINGS_H 1
| #define HAVE_INTTYPES_H 1
| #define HAVE_STDINT_H 1
| #define HAVE_UNISTD_H 1
| #define HAVE_STDLIB_H 1
| #define HAVE_MALLOC 1
| #define HAVE_STDLIB_H 1
| #define HAVE_REALLOC 1
| #define HAVE_LIBC 1
| #define HAVE_LIBM 1
| #define HAVE_STDIO_H 1
| #define HAVE_STDLIB_H 1
| #define HAVE_COMPLEX_H 1
| #define HAVE_STRING_H 1
| #define HAVE_GETOPT_H 1
| #define HAVE_SYS_RESOURCE_H 1
| #define HAVE_FLOAT_H 1
| #define HAVE_INTTYPES_H 1
| #define HAVE_LIMITS_H 1
| #define HAVE_STDLIB_H 1
| #define HAVE_STRING_H 1
| #define HAVE_UNISTD_H 1
| #define SIZEOF_INT 4
| #define SIZEOF_UNSIGNED_INT 4
| /* end confdefs.h.  */
| #include <emmintrin.h>
configure:4848: result: no
configure:4848: checking for emmintrin.h
configure:4848: result: no
configure:4848: checking pmmintrin.h usability
configure:4848: /home/bloom510/Desktop/emsdk/emscripten/1.38.25/emcc -c   conftest.c >&5
In file included from conftest.c:72:
In file included from /home/bloom510/Desktop/emsdk/emscripten/1.38.25/system/include/SSE/pmmintrin.h:27:
/home/bloom510/Desktop/emsdk/emscripten/1.38.25/system/include/SSE/emmintrin.h:49:2: error: "SSE2 instruction set not enabled"
#error "SSE2 instruction set not enabled"
 ^
In file included from conftest.c:72:
In file included from /home/bloom510/Desktop/emsdk/emscripten/1.38.25/system/include/SSE/pmmintrin.h:27:
In file included from /home/bloom510/Desktop/emsdk/emscripten/1.38.25/system/include/SSE/emmintrin.h:52:
/home/bloom510/Desktop/emsdk/emscripten/1.38.25/system/include/SSE/xmmintrin.h:10:2: error: "SSE instruction set not enabled"
#error "SSE instruction set not enabled"
 ^
In file included from conftest.c:72:
/home/bloom510/Desktop/emsdk/emscripten/1.38.25/system/include/SSE/pmmintrin.h:30:2: error: "SSE3 instruction set not enabled"
#error "SSE3 instruction set not enabled"
 ^
3 errors generated.
shared:ERROR: compiler frontend failed to generate LLVM bitcode, halting
configure:4848: $? = 1
configure: failed program was:
| /* confdefs.h */
| #define PACKAGE_NAME "liquid-dsp"
| #define PACKAGE_TARNAME "liquid-dsp"
| #define PACKAGE_VERSION "1.3.1"
| #define PACKAGE_STRING "liquid-dsp 1.3.1"
| #define PACKAGE_BUGREPORT "support@liquidsdr.org"
| #define PACKAGE_URL ""
| #define STDC_HEADERS 1
| #define HAVE_SYS_TYPES_H 1
| #define HAVE_SYS_STAT_H 1
| #define HAVE_STDLIB_H 1
| #define HAVE_STRING_H 1
| #define HAVE_MEMORY_H 1
| #define HAVE_STRINGS_H 1
| #define HAVE_INTTYPES_H 1
| #define HAVE_STDINT_H 1
| #define HAVE_UNISTD_H 1
| #define HAVE_STDLIB_H 1
| #define HAVE_MALLOC 1
| #define HAVE_STDLIB_H 1
| #define HAVE_REALLOC 1
| #define HAVE_LIBC 1
| #define HAVE_LIBM 1
| #define HAVE_STDIO_H 1
| #define HAVE_STDLIB_H 1
| #define HAVE_COMPLEX_H 1
| #define HAVE_STRING_H 1
| #define HAVE_GETOPT_H 1
| #define HAVE_SYS_RESOURCE_H 1
| #define HAVE_FLOAT_H 1
| #define HAVE_INTTYPES_H 1
| #define HAVE_LIMITS_H 1
| #define HAVE_STDLIB_H 1
| #define HAVE_STRING_H 1
| #define HAVE_UNISTD_H 1
| #define SIZEOF_INT 4
| #define SIZEOF_UNSIGNED_INT 4
| /* end confdefs.h.  */
| #include <stdio.h>
| #ifdef HAVE_SYS_TYPES_H
| # include <sys/types.h>
| #endif
| #ifdef HAVE_SYS_STAT_H
| # include <sys/stat.h>
| #endif
| #ifdef STDC_HEADERS
| # include <stdlib.h>
| # include <stddef.h>
| #else
| # ifdef HAVE_STDLIB_H
| #  include <stdlib.h>
| # endif
| #endif
| #ifdef HAVE_STRING_H
| # if !defined STDC_HEADERS && defined HAVE_MEMORY_H
| #  include <memory.h>
| # endif
| # include <string.h>
| #endif
| #ifdef HAVE_STRINGS_H
| # include <strings.h>
| #endif
| #ifdef HAVE_INTTYPES_H
| # include <inttypes.h>
| #endif
| #ifdef HAVE_STDINT_H
| # include <stdint.h>
| #endif
| #ifdef HAVE_UNISTD_H
| # include <unistd.h>
| #endif
| #include <pmmintrin.h>
configure:4848: result: no
configure:4848: checking pmmintrin.h presence
configure:4848: /home/bloom510/Desktop/emsdk/emscripten/1.38.25/emcc -E  conftest.c
In file included from conftest.c:39:
In file included from /home/bloom510/Desktop/emsdk/emscripten/1.38.25/system/include/SSE/pmmintrin.h:27:
/home/bloom510/Desktop/emsdk/emscripten/1.38.25/system/include/SSE/emmintrin.h:49:2: error: "SSE2 instruction set not enabled"
#error "SSE2 instruction set not enabled"
 ^
In file included from conftest.c:39:
In file included from /home/bloom510/Desktop/emsdk/emscripten/1.38.25/system/include/SSE/pmmintrin.h:27:
In file included from /home/bloom510/Desktop/emsdk/emscripten/1.38.25/system/include/SSE/emmintrin.h:52:
/home/bloom510/Desktop/emsdk/emscripten/1.38.25/system/include/SSE/xmmintrin.h:10:2: error: "SSE instruction set not enabled"
#error "SSE instruction set not enabled"
 ^
In file included from conftest.c:39:
/home/bloom510/Desktop/emsdk/emscripten/1.38.25/system/include/SSE/pmmintrin.h:30:2: error: "SSE3 instruction set not enabled"
#error "SSE3 instruction set not enabled"
 ^
3 errors generated.
configure:4848: $? = 1
configure: failed program was:
| /* confdefs.h */
| #define PACKAGE_NAME "liquid-dsp"
| #define PACKAGE_TARNAME "liquid-dsp"
| #define PACKAGE_VERSION "1.3.1"
| #define PACKAGE_STRING "liquid-dsp 1.3.1"
| #define PACKAGE_BUGREPORT "support@liquidsdr.org"
| #define PACKAGE_URL ""
| #define STDC_HEADERS 1
| #define HAVE_SYS_TYPES_H 1
| #define HAVE_SYS_STAT_H 1
| #define HAVE_STDLIB_H 1
| #define HAVE_STRING_H 1
| #define HAVE_MEMORY_H 1
| #define HAVE_STRINGS_H 1
| #define HAVE_INTTYPES_H 1
| #define HAVE_STDINT_H 1
| #define HAVE_UNISTD_H 1
| #define HAVE_STDLIB_H 1
| #define HAVE_MALLOC 1
| #define HAVE_STDLIB_H 1
| #define HAVE_REALLOC 1
| #define HAVE_LIBC 1
| #define HAVE_LIBM 1
| #define HAVE_STDIO_H 1
| #define HAVE_STDLIB_H 1
| #define HAVE_COMPLEX_H 1
| #define HAVE_STRING_H 1
| #define HAVE_GETOPT_H 1
| #define HAVE_SYS_RESOURCE_H 1
| #define HAVE_FLOAT_H 1
| #define HAVE_INTTYPES_H 1
| #define HAVE_LIMITS_H 1
| #define HAVE_STDLIB_H 1
| #define HAVE_STRING_H 1
| #define HAVE_UNISTD_H 1
| #define SIZEOF_INT 4
| #define SIZEOF_UNSIGNED_INT 4
| /* end confdefs.h.  */
| #include <pmmintrin.h>
configure:4848: result: no
configure:4848: checking for pmmintrin.h
configure:4848: result: no
configure:4848: checking tmmintrin.h usability
configure:4848: /home/bloom510/Desktop/emsdk/emscripten/1.38.25/emcc -c   conftest.c >&5
In file included from conftest.c:72:
In file included from /home/bloom510/Desktop/emsdk/emscripten/1.38.25/system/include/SSE/tmmintrin.h:27:
In file included from /home/bloom510/Desktop/emsdk/emscripten/1.38.25/system/include/SSE/pmmintrin.h:27:
/home/bloom510/Desktop/emsdk/emscripten/1.38.25/system/include/SSE/emmintrin.h:49:2: error: "SSE2 instruction set not enabled"
#error "SSE2 instruction set not enabled"
 ^
In file included from conftest.c:72:
In file included from /home/bloom510/Desktop/emsdk/emscripten/1.38.25/system/include/SSE/tmmintrin.h:27:
In file included from /home/bloom510/Desktop/emsdk/emscripten/1.38.25/system/include/SSE/pmmintrin.h:27:
In file included from /home/bloom510/Desktop/emsdk/emscripten/1.38.25/system/include/SSE/emmintrin.h:52:
/home/bloom510/Desktop/emsdk/emscripten/1.38.25/system/include/SSE/xmmintrin.h:10:2: error: "SSE instruction set not enabled"
#error "SSE instruction set not enabled"
 ^
In file included from conftest.c:72:
In file included from /home/bloom510/Desktop/emsdk/emscripten/1.38.25/system/include/SSE/tmmintrin.h:27:
/home/bloom510/Desktop/emsdk/emscripten/1.38.25/system/include/SSE/pmmintrin.h:30:2: error: "SSE3 instruction set not enabled"
#error "SSE3 instruction set not enabled"
 ^
In file included from conftest.c:72:
/home/bloom510/Desktop/emsdk/emscripten/1.38.25/system/include/SSE/tmmintrin.h:30:2: error: "SSSE3 instruction set not enabled"
#error "SSSE3 instruction set not enabled"
 ^
4 errors generated.
shared:ERROR: compiler frontend failed to generate LLVM bitcode, halting
configure:4848: $? = 1
configure: failed program was:
| /* confdefs.h */
| #define PACKAGE_NAME "liquid-dsp"
| #define PACKAGE_TARNAME "liquid-dsp"
| #define PACKAGE_VERSION "1.3.1"
| #define PACKAGE_STRING "liquid-dsp 1.3.1"
| #define PACKAGE_BUGREPORT "support@liquidsdr.org"
| #define PACKAGE_URL ""
| #define STDC_HEADERS 1
| #define HAVE_SYS_TYPES_H 1
| #define HAVE_SYS_STAT_H 1
| #define HAVE_STDLIB_H 1
| #define HAVE_STRING_H 1
| #define HAVE_MEMORY_H 1
| #define HAVE_STRINGS_H 1
| #define HAVE_INTTYPES_H 1
| #define HAVE_STDINT_H 1
| #define HAVE_UNISTD_H 1
| #define HAVE_STDLIB_H 1
| #define HAVE_MALLOC 1
| #define HAVE_STDLIB_H 1
| #define HAVE_REALLOC 1
| #define HAVE_LIBC 1
| #define HAVE_LIBM 1
| #define HAVE_STDIO_H 1
| #define HAVE_STDLIB_H 1
| #define HAVE_COMPLEX_H 1
| #define HAVE_STRING_H 1
| #define HAVE_GETOPT_H 1
| #define HAVE_SYS_RESOURCE_H 1
| #define HAVE_FLOAT_H 1
| #define HAVE_INTTYPES_H 1
| #define HAVE_LIMITS_H 1
| #define HAVE_STDLIB_H 1
| #define HAVE_STRING_H 1
| #define HAVE_UNISTD_H 1
| #define SIZEOF_INT 4
| #define SIZEOF_UNSIGNED_INT 4
| /* end confdefs.h.  */
| #include <stdio.h>
| #ifdef HAVE_SYS_TYPES_H
| # include <sys/types.h>
| #endif
| #ifdef HAVE_SYS_STAT_H
| # include <sys/stat.h>
| #endif
| #ifdef STDC_HEADERS
| # include <stdlib.h>
| # include <stddef.h>
| #else
| # ifdef HAVE_STDLIB_H
| #  include <stdlib.h>
| # endif
| #endif
| #ifdef HAVE_STRING_H
| # if !defined STDC_HEADERS && defined HAVE_MEMORY_H
| #  include <memory.h>
| # endif
| # include <string.h>
| #endif
| #ifdef HAVE_STRINGS_H
| # include <strings.h>
| #endif
| #ifdef HAVE_INTTYPES_H
| # include <inttypes.h>
| #endif
| #ifdef HAVE_STDINT_H
| # include <stdint.h>
| #endif
| #ifdef HAVE_UNISTD_H
| # include <unistd.h>
| #endif
| #include <tmmintrin.h>
configure:4848: result: no
configure:4848: checking tmmintrin.h presence
configure:4848: /home/bloom510/Desktop/emsdk/emscripten/1.38.25/emcc -E  conftest.c
In file included from conftest.c:39:
In file included from /home/bloom510/Desktop/emsdk/emscripten/1.38.25/system/include/SSE/tmmintrin.h:27:
In file included from /home/bloom510/Desktop/emsdk/emscripten/1.38.25/system/include/SSE/pmmintrin.h:27:
/home/bloom510/Desktop/emsdk/emscripten/1.38.25/system/include/SSE/emmintrin.h:49:2: error: "SSE2 instruction set not enabled"
#error "SSE2 instruction set not enabled"
 ^
In file included from conftest.c:39:
In file included from /home/bloom510/Desktop/emsdk/emscripten/1.38.25/system/include/SSE/tmmintrin.h:27:
In file included from /home/bloom510/Desktop/emsdk/emscripten/1.38.25/system/include/SSE/pmmintrin.h:27:
In file included from /home/bloom510/Desktop/emsdk/emscripten/1.38.25/system/include/SSE/emmintrin.h:52:
/home/bloom510/Desktop/emsdk/emscripten/1.38.25/system/include/SSE/xmmintrin.h:10:2: error: "SSE instruction set not enabled"
#error "SSE instruction set not enabled"
 ^
In file included from conftest.c:39:
In file included from /home/bloom510/Desktop/emsdk/emscripten/1.38.25/system/include/SSE/tmmintrin.h:27:
/home/bloom510/Desktop/emsdk/emscripten/1.38.25/system/include/SSE/pmmintrin.h:30:2: error: "SSE3 instruction set not enabled"
#error "SSE3 instruction set not enabled"
 ^
In file included from conftest.c:39:
/home/bloom510/Desktop/emsdk/emscripten/1.38.25/system/include/SSE/tmmintrin.h:30:2: error: "SSSE3 instruction set not enabled"
#error "SSSE3 instruction set not enabled"
 ^
4 errors generated.
configure:4848: $? = 1
configure: failed program was:
| /* confdefs.h */
| #define PACKAGE_NAME "liquid-dsp"
| #define PACKAGE_TARNAME "liquid-dsp"
| #define PACKAGE_VERSION "1.3.1"
| #define PACKAGE_STRING "liquid-dsp 1.3.1"
| #define PACKAGE_BUGREPORT "support@liquidsdr.org"
| #define PACKAGE_URL ""
| #define STDC_HEADERS 1
| #define HAVE_SYS_TYPES_H 1
| #define HAVE_SYS_STAT_H 1
| #define HAVE_STDLIB_H 1
| #define HAVE_STRING_H 1
| #define HAVE_MEMORY_H 1
| #define HAVE_STRINGS_H 1
| #define HAVE_INTTYPES_H 1
| #define HAVE_STDINT_H 1
| #define HAVE_UNISTD_H 1
| #define HAVE_STDLIB_H 1
| #define HAVE_MALLOC 1
| #define HAVE_STDLIB_H 1
| #define HAVE_REALLOC 1
| #define HAVE_LIBC 1
| #define HAVE_LIBM 1
| #define HAVE_STDIO_H 1
| #define HAVE_STDLIB_H 1
| #define HAVE_COMPLEX_H 1
| #define HAVE_STRING_H 1
| #define HAVE_GETOPT_H 1
| #define HAVE_SYS_RESOURCE_H 1
| #define HAVE_FLOAT_H 1
| #define HAVE_INTTYPES_H 1
| #define HAVE_LIMITS_H 1
| #define HAVE_STDLIB_H 1
| #define HAVE_STRING_H 1
| #define HAVE_UNISTD_H 1
| #define SIZEOF_INT 4
| #define SIZEOF_UNSIGNED_INT 4
| /* end confdefs.h.  */
| #include <tmmintrin.h>
configure:4848: result: no
configure:4848: checking for tmmintrin.h
configure:4848: result: no
configure:4848: checking smmintrin.h usability
configure:4848: /home/bloom510/Desktop/emsdk/emscripten/1.38.25/emcc -c   conftest.c >&5
In file included from conftest.c:72:
In file included from /home/bloom510/Desktop/emsdk/emscripten/1.38.25/system/include/SSE/smmintrin.h:27:
In file included from /home/bloom510/Desktop/emsdk/emscripten/1.38.25/system/include/SSE/tmmintrin.h:27:
In file included from /home/bloom510/Desktop/emsdk/emscripten/1.38.25/system/include/SSE/pmmintrin.h:27:
/home/bloom510/Desktop/emsdk/emscripten/1.38.25/system/include/SSE/emmintrin.h:49:2: error: "SSE2 instruction set not enabled"
#error "SSE2 instruction set not enabled"
 ^
In file included from conftest.c:72:
In file included from /home/bloom510/Desktop/emsdk/emscripten/1.38.25/system/include/SSE/smmintrin.h:27:
In file included from /home/bloom510/Desktop/emsdk/emscripten/1.38.25/system/include/SSE/tmmintrin.h:27:
In file included from /home/bloom510/Desktop/emsdk/emscripten/1.38.25/system/include/SSE/pmmintrin.h:27:
In file included from /home/bloom510/Desktop/emsdk/emscripten/1.38.25/system/include/SSE/emmintrin.h:52:
/home/bloom510/Desktop/emsdk/emscripten/1.38.25/system/include/SSE/xmmintrin.h:10:2: error: "SSE instruction set not enabled"
#error "SSE instruction set not enabled"
 ^
In file included from conftest.c:72:
In file included from /home/bloom510/Desktop/emsdk/emscripten/1.38.25/system/include/SSE/smmintrin.h:27:
In file included from /home/bloom510/Desktop/emsdk/emscripten/1.38.25/system/include/SSE/tmmintrin.h:27:
/home/bloom510/Desktop/emsdk/emscripten/1.38.25/system/include/SSE/pmmintrin.h:30:2: error: "SSE3 instruction set not enabled"
#error "SSE3 instruction set not enabled"
 ^
In file included from conftest.c:72:
In file included from /home/bloom510/Desktop/emsdk/emscripten/1.38.25/system/include/SSE/smmintrin.h:27:
/home/bloom510/Desktop/emsdk/emscripten/1.38.25/system/include/SSE/tmmintrin.h:30:2: error: "SSSE3 instruction set not enabled"
#error "SSSE3 instruction set not enabled"
 ^
4 errors generated.
shared:ERROR: compiler frontend failed to generate LLVM bitcode, halting
configure:4848: $? = 1
configure: failed program was:
| /* confdefs.h */
| #define PACKAGE_NAME "liquid-dsp"
| #define PACKAGE_TARNAME "liquid-dsp"
| #define PACKAGE_VERSION "1.3.1"
| #define PACKAGE_STRING "liquid-dsp 1.3.1"
| #define PACKAGE_BUGREPORT "support@liquidsdr.org"
| #define PACKAGE_URL ""
| #define STDC_HEADERS 1
| #define HAVE_SYS_TYPES_H 1
| #define HAVE_SYS_STAT_H 1
| #define HAVE_STDLIB_H 1
| #define HAVE_STRING_H 1
| #define HAVE_MEMORY_H 1
| #define HAVE_STRINGS_H 1
| #define HAVE_INTTYPES_H 1
| #define HAVE_STDINT_H 1
| #define HAVE_UNISTD_H 1
| #define HAVE_STDLIB_H 1
| #define HAVE_MALLOC 1
| #define HAVE_STDLIB_H 1
| #define HAVE_REALLOC 1
| #define HAVE_LIBC 1
| #define HAVE_LIBM 1
| #define HAVE_STDIO_H 1
| #define HAVE_STDLIB_H 1
| #define HAVE_COMPLEX_H 1
| #define HAVE_STRING_H 1
| #define HAVE_GETOPT_H 1
| #define HAVE_SYS_RESOURCE_H 1
| #define HAVE_FLOAT_H 1
| #define HAVE_INTTYPES_H 1
| #define HAVE_LIMITS_H 1
| #define HAVE_STDLIB_H 1
| #define HAVE_STRING_H 1
| #define HAVE_UNISTD_H 1
| #define SIZEOF_INT 4
| #define SIZEOF_UNSIGNED_INT 4
| /* end confdefs.h.  */
| #include <stdio.h>
| #ifdef HAVE_SYS_TYPES_H
| # include <sys/types.h>
| #endif
| #ifdef HAVE_SYS_STAT_H
| # include <sys/stat.h>
| #endif
| #ifdef STDC_HEADERS
| # include <stdlib.h>
| # include <stddef.h>
| #else
| # ifdef HAVE_STDLIB_H
| #  include <stdlib.h>
| # endif
| #endif
| #ifdef HAVE_STRING_H
| # if !defined STDC_HEADERS && defined HAVE_MEMORY_H
| #  include <memory.h>
| # endif
| # include <string.h>
| #endif
| #ifdef HAVE_STRINGS_H
| # include <strings.h>
| #endif
| #ifdef HAVE_INTTYPES_H
| # include <inttypes.h>
| #endif
| #ifdef HAVE_STDINT_H
| # include <stdint.h>
| #endif
| #ifdef HAVE_UNISTD_H
| # include <unistd.h>
| #endif
| #include <smmintrin.h>
configure:4848: result: no
configure:4848: checking smmintrin.h presence
configure:4848: /home/bloom510/Desktop/emsdk/emscripten/1.38.25/emcc -E  conftest.c
In file included from conftest.c:39:
In file included from /home/bloom510/Desktop/emsdk/emscripten/1.38.25/system/include/SSE/smmintrin.h:27:
In file included from /home/bloom510/Desktop/emsdk/emscripten/1.38.25/system/include/SSE/tmmintrin.h:27:
In file included from /home/bloom510/Desktop/emsdk/emscripten/1.38.25/system/include/SSE/pmmintrin.h:27:
/home/bloom510/Desktop/emsdk/emscripten/1.38.25/system/include/SSE/emmintrin.h:49:2: error: "SSE2 instruction set not enabled"
#error "SSE2 instruction set not enabled"
 ^
In file included from conftest.c:39:
In file included from /home/bloom510/Desktop/emsdk/emscripten/1.38.25/system/include/SSE/smmintrin.h:27:
In file included from /home/bloom510/Desktop/emsdk/emscripten/1.38.25/system/include/SSE/tmmintrin.h:27:
In file included from /home/bloom510/Desktop/emsdk/emscripten/1.38.25/system/include/SSE/pmmintrin.h:27:
In file included from /home/bloom510/Desktop/emsdk/emscripten/1.38.25/system/include/SSE/emmintrin.h:52:
/home/bloom510/Desktop/emsdk/emscripten/1.38.25/system/include/SSE/xmmintrin.h:10:2: error: "SSE instruction set not enabled"
#error "SSE instruction set not enabled"
 ^
In file included from conftest.c:39:
In file included from /home/bloom510/Desktop/emsdk/emscripten/1.38.25/system/include/SSE/smmintrin.h:27:
In file included from /home/bloom510/Desktop/emsdk/emscripten/1.38.25/system/include/SSE/tmmintrin.h:27:
/home/bloom510/Desktop/emsdk/emscripten/1.38.25/system/include/SSE/pmmintrin.h:30:2: error: "SSE3 instruction set not enabled"
#error "SSE3 instruction set not enabled"
 ^
In file included from conftest.c:39:
In file included from /home/bloom510/Desktop/emsdk/emscripten/1.38.25/system/include/SSE/smmintrin.h:27:
/home/bloom510/Desktop/emsdk/emscripten/1.38.25/system/include/SSE/tmmintrin.h:30:2: error: "SSSE3 instruction set not enabled"
#error "SSSE3 instruction set not enabled"
 ^
4 errors generated.
configure:4848: $? = 1
configure: failed program was:
| /* confdefs.h */
| #define PACKAGE_NAME "liquid-dsp"
| #define PACKAGE_TARNAME "liquid-dsp"
| #define PACKAGE_VERSION "1.3.1"
| #define PACKAGE_STRING "liquid-dsp 1.3.1"
| #define PACKAGE_BUGREPORT "support@liquidsdr.org"
| #define PACKAGE_URL ""
| #define STDC_HEADERS 1
| #define HAVE_SYS_TYPES_H 1
| #define HAVE_SYS_STAT_H 1
| #define HAVE_STDLIB_H 1
| #define HAVE_STRING_H 1
| #define HAVE_MEMORY_H 1
| #define HAVE_STRINGS_H 1
| #define HAVE_INTTYPES_H 1
| #define HAVE_STDINT_H 1
| #define HAVE_UNISTD_H 1
| #define HAVE_STDLIB_H 1
| #define HAVE_MALLOC 1
| #define HAVE_STDLIB_H 1
| #define HAVE_REALLOC 1
| #define HAVE_LIBC 1
| #define HAVE_LIBM 1
| #define HAVE_STDIO_H 1
| #define HAVE_STDLIB_H 1
| #define HAVE_COMPLEX_H 1
| #define HAVE_STRING_H 1
| #define HAVE_GETOPT_H 1
| #define HAVE_SYS_RESOURCE_H 1
| #define HAVE_FLOAT_H 1
| #define HAVE_INTTYPES_H 1
| #define HAVE_LIMITS_H 1
| #define HAVE_STDLIB_H 1
| #define HAVE_STRING_H 1
| #define HAVE_UNISTD_H 1
| #define SIZEOF_INT 4
| #define SIZEOF_UNSIGNED_INT 4
| /* end confdefs.h.  */
| #include <smmintrin.h>
configure:4848: result: no
configure:4848: checking for smmintrin.h
configure:4848: result: no
configure:4848: checking immintrin.h usability
configure:4848: /home/bloom510/Desktop/emsdk/emscripten/1.38.25/emcc -c   conftest.c >&5
In file included from conftest.c:72:
/home/bloom510/Desktop/emsdk/emscripten/1.38.25/system/include/SSE/immintrin.h:9:2: warning: immintrin.h included without SIMD.js support enabled. [-W#warnings]
#warning immintrin.h included without SIMD.js support enabled.
 ^
1 warning generated.
configure:4848: $? = 0
configure:4848: result: yes
configure:4848: checking immintrin.h presence
configure:4848: /home/bloom510/Desktop/emsdk/emscripten/1.38.25/emcc -E  conftest.c
In file included from conftest.c:39:
/home/bloom510/Desktop/emsdk/emscripten/1.38.25/system/include/SSE/immintrin.h:9:2: warning: immintrin.h included without SIMD.js support enabled. [-W#warnings]
#warning immintrin.h included without SIMD.js support enabled.
 ^
1 warning generated.
configure:4848: $? = 0
configure:4848: result: yes
configure:4848: checking for immintrin.h
configure:4848: result: yes
configure:4859: checking whether mmx is supported
configure:4871: result: no
configure:4874: checking whether sse is supported
configure:4886: result: no
configure:4889: checking whether sse2 is supported
configure:4901: result: no
configure:4904: checking whether sse3 is supported
configure:4916: result: no
configure:4919: checking whether ssse3 is supported
configure:4931: result: no
configure:4934: checking whether sse4.1 is supported
configure:4946: result: no
configure:4949: checking whether sse4.2 is supported
configure:4961: result: no
configure:4964: checking whether avx is supported
configure:4976: result: no
configure:5533: checking for ar
configure:5560: result: /home/bloom510/Desktop/emsdk/emscripten/1.38.25/emar
configure:5720: creating ./config.status

## ---------------------- ##
## Running config.status. ##
## ---------------------- ##

This file was extended by liquid-dsp config.status 1.3.1, which was
generated by GNU Autoconf 2.69.  Invocation command line was

  CONFIG_FILES    = 
  CONFIG_HEADERS  = 
  CONFIG_LINKS    = 
  CONFIG_COMMANDS = 
  $ ./config.status 

on localhost

config.status:851: creating makefile
config.status:851: creating config.h

## ---------------- ##
## Cache variables. ##
## ---------------- ##

ac_cv_build=x86_64-pc-linux-gnu
ac_cv_c_compiler_gnu=yes
ac_cv_c_inline=inline
ac_cv_c_uint32_t=yes
ac_cv_c_uint8_t=yes
ac_cv_env_CC_set=set
ac_cv_env_CC_value=/home/bloom510/Desktop/emsdk/emscripten/1.38.25/emcc
ac_cv_env_CFLAGS_set=set
ac_cv_env_CFLAGS_value=
ac_cv_env_CPPFLAGS_set=
ac_cv_env_CPPFLAGS_value=
ac_cv_env_CPP_set=
ac_cv_env_CPP_value=
ac_cv_env_LDFLAGS_set=
ac_cv_env_LDFLAGS_value=
ac_cv_env_LIBS_set=
ac_cv_env_LIBS_value=
ac_cv_env_build_alias_set=
ac_cv_env_build_alias_value=
ac_cv_env_host_alias_set=
ac_cv_env_host_alias_value=
ac_cv_env_target_alias_set=
ac_cv_env_target_alias_value=
ac_cv_func_cargf=yes
ac_cv_func_cexpf=yes
ac_cv_func_cimagf=yes
ac_cv_func_cosf=yes
ac_cv_func_crealf=yes
ac_cv_func_expf=yes
ac_cv_func_free=yes
ac_cv_func_malloc=yes
ac_cv_func_malloc_0_nonnull=yes
ac_cv_func_memmove=yes
ac_cv_func_memset=yes
ac_cv_func_realloc=yes
ac_cv_func_realloc_0_nonnull=yes
ac_cv_func_sinf=yes
ac_cv_func_sqrtf=yes
ac_cv_header_complex_h=yes
ac_cv_header_emmintrin_h=no
ac_cv_header_fec_h=no
ac_cv_header_fftw3_h=no
ac_cv_header_float_h=yes
ac_cv_header_getopt_h=yes
ac_cv_header_immintrin_h=yes
ac_cv_header_inttypes_h=yes
ac_cv_header_limits_h=yes
ac_cv_header_memory_h=yes
ac_cv_header_mmintrin_h=no
ac_cv_header_pmmintrin_h=no
ac_cv_header_smmintrin_h=no
ac_cv_header_stdc=yes
ac_cv_header_stdint_h=yes
ac_cv_header_stdio_h=yes
ac_cv_header_stdlib_h=yes
ac_cv_header_string_h=yes
ac_cv_header_strings_h=yes
ac_cv_header_sys_resource_h=yes
ac_cv_header_sys_stat_h=yes
ac_cv_header_sys_types_h=yes
ac_cv_header_tmmintrin_h=no
ac_cv_header_unistd_h=yes
ac_cv_header_xmmintrin_h=no
ac_cv_host=x86_64-pc-linux-gnu
ac_cv_lib_c_main=yes
ac_cv_lib_error_at_line=no
ac_cv_lib_fec_create_viterbi27=no
ac_cv_lib_fftw3f_fftwf_plan_dft_1d=no
ac_cv_lib_m_main=yes
ac_cv_objext=o
ac_cv_path_EGREP='/bin/grep -E'
ac_cv_path_GREP=/bin/grep
ac_cv_path_SED=/bin/sed
ac_cv_path_install='/usr/bin/install -c'
ac_cv_prog_CPP='/home/bloom510/Desktop/emsdk/emscripten/1.38.25/emcc -E'
ac_cv_prog_ac_ct_AR=/home/bloom510/Desktop/emsdk/emscripten/1.38.25/emar
ac_cv_prog_ac_ct_CC=/home/bloom510/Desktop/emsdk/emscripten/1.38.25/emcc
ac_cv_prog_ac_ct_RANLIB=/home/bloom510/Desktop/emsdk/emscripten/1.38.25/emranlib
ac_cv_prog_cc_c89=
ac_cv_prog_cc_g=yes
ac_cv_sizeof_int=4
ac_cv_sizeof_unsigned_int=4
ac_cv_target=x86_64-pc-linux-gnu
ac_cv_type_size_t=yes
ax_cv_gcc_x86_cpuid_0x00000001=unknown
ax_cv_gcc_x86_cpuid_=unknown
ax_cv_have_avx_ext=no
ax_cv_have_mmx_ext=no
ax_cv_have_sse2_ext=no
ax_cv_have_sse3_ext=no
ax_cv_have_sse41_ext=no
ax_cv_have_sse42_ext=no
ax_cv_have_sse_ext=no
ax_cv_have_ssse3_ext=no

## ----------------- ##
## Output variables. ##
## ----------------- ##

AR='/home/bloom510/Desktop/emsdk/emscripten/1.38.25/emar'
ARCH_OPTION=''
AR_LIB='libliquid.a'
CC='/home/bloom510/Desktop/emsdk/emscripten/1.38.25/emcc'
CFLAGS=''
CLIB=''
CPP='/home/bloom510/Desktop/emsdk/emscripten/1.38.25/emcc -E'
CPPFLAGS=''
DEBUG_MSG_OPTION=''
DEFS='-DHAVE_CONFIG_H'
ECHO_C=''
ECHO_N='-n'
ECHO_T=''
EGREP='/bin/grep -E'
EXEEXT=''
GREP='/bin/grep'
INSTALL_DATA='${INSTALL} -m 644'
INSTALL_PROGRAM='${INSTALL}'
INSTALL_SCRIPT='${INSTALL}'
LDFLAGS=''
LIBOBJS=' ${LIBOBJDIR}error$U.o'
LIBS='-lm -lc '
LIBTOOL=''
LTLIBOBJS=' ${LIBOBJDIR}error$U.lo'
MLIBS_DOTPROD='src/dotprod/src/dotprod_cccf.o                            src/dotprod/src/dotprod_crcf.o                            src/dotprod/src/dotprod_rrrf.o                            src/dotprod/src/sumsq.o'
MLIBS_VECTOR='src/vector/src/vectorf_add.port.o                 src/vector/src/vectorf_norm.port.o                src/vector/src/vectorf_mul.port.o                 src/vector/src/vectorf_trig.port.o                src/vector/src/vectorcf_add.port.o                src/vector/src/vectorcf_norm.port.o               src/vector/src/vectorcf_mul.port.o                src/vector/src/vectorcf_trig.port.o'
OBJEXT='o'
PACKAGE_BUGREPORT='support@liquidsdr.org'
PACKAGE_NAME='liquid-dsp'
PACKAGE_STRING='liquid-dsp 1.3.1'
PACKAGE_TARNAME='liquid-dsp'
PACKAGE_URL=''
PACKAGE_VERSION='1.3.1'
PATH_SEPARATOR=':'
RANLIB='/home/bloom510/Desktop/emsdk/emscripten/1.38.25/emranlib'
REBIND='ldconfig'
SED='/bin/sed'
SHELL='/bin/bash'
SH_LIB='libliquid.so'
SIMD_FLAGS=''
ac_ct_CC='/home/bloom510/Desktop/emsdk/emscripten/1.38.25/emcc'
bindir='${exec_prefix}/bin'
build='x86_64-pc-linux-gnu'
build_alias=''
build_cpu='x86_64'
build_os='linux-gnu'
build_vendor='pc'
datadir='${datarootdir}'
datarootdir='${prefix}/share'
docdir='${datarootdir}/doc/${PACKAGE_TARNAME}'
dvidir='${docdir}'
exec_prefix='${prefix}'
host='x86_64-pc-linux-gnu'
host_alias=''
host_cpu='x86_64'
host_os='linux-gnu'
host_vendor='pc'
htmldir='${docdir}'
includedir='${prefix}/include'
infodir='${datarootdir}/info'
libdir='${exec_prefix}/lib'
libexecdir='${exec_prefix}/libexec'
localedir='${datarootdir}/locale'
localstatedir='${prefix}/var'
mandir='${datarootdir}/man'
oldincludedir='/usr/include'
pdfdir='${docdir}'
prefix='/usr/local'
program_transform_name='s,x,x,'
psdir='${docdir}'
runstatedir='${localstatedir}/run'
sbindir='${exec_prefix}/sbin'
sharedstatedir='${prefix}/com'
sysconfdir='${prefix}/etc'
target='x86_64-pc-linux-gnu'
target_alias=''
target_cpu='x86_64'
target_os='linux-gnu'
target_vendor='pc'

## ----------- ##
## confdefs.h. ##
## ----------- ##

/* confdefs.h */
#define PACKAGE_NAME "liquid-dsp"
#define PACKAGE_TARNAME "liquid-dsp"
#define PACKAGE_VERSION "1.3.1"
#define PACKAGE_STRING "liquid-dsp 1.3.1"
#define PACKAGE_BUGREPORT "support@liquidsdr.org"
#define PACKAGE_URL ""
#define STDC_HEADERS 1
#define HAVE_SYS_TYPES_H 1
#define HAVE_SYS_STAT_H 1
#define HAVE_STDLIB_H 1
#define HAVE_STRING_H 1
#define HAVE_MEMORY_H 1
#define HAVE_STRINGS_H 1
#define HAVE_INTTYPES_H 1
#define HAVE_STDINT_H 1
#define HAVE_UNISTD_H 1
#define HAVE_STDLIB_H 1
#define HAVE_MALLOC 1
#define HAVE_STDLIB_H 1
#define HAVE_REALLOC 1
#define HAVE_LIBC 1
#define HAVE_LIBM 1
#define HAVE_STDIO_H 1
#define HAVE_STDLIB_H 1
#define HAVE_COMPLEX_H 1
#define HAVE_STRING_H 1
#define HAVE_GETOPT_H 1
#define HAVE_SYS_RESOURCE_H 1
#define HAVE_FLOAT_H 1
#define HAVE_INTTYPES_H 1
#define HAVE_LIMITS_H 1
#define HAVE_STDLIB_H 1
#define HAVE_STRING_H 1
#define HAVE_UNISTD_H 1
#define SIZEOF_INT 4
#define SIZEOF_UNSIGNED_INT 4
#define HAVE_IMMINTRIN_H 1

configure: exit 0
